#
# There is insufficient memory for the Java Runtime Environment to continue.
# Native memory allocation (mmap) failed to map 65536 bytes for Failed to commit area from 0x0000028b7cd50000 to 0x0000028b7cd60000 of length 65536.
# Possible reasons:
#   The system is out of physical RAM or swap space
#   The process is running with CompressedOops enabled, and the Java Heap may be blocking the growth of the native heap
# Possible solutions:
#   Reduce memory load on the system
#   Increase physical memory or swap space
#   Check if swap backing store is full
#   Decrease Java heap size (-Xmx/-Xms)
#   Decrease number of Java threads
#   Decrease Java thread stack sizes (-Xss)
#   Set larger code cache with -XX:ReservedCodeCacheSize=
#   JVM is running with Unscaled Compressed Oops mode in which the Java heap is
#     placed in the first 4GB address space. The Java Heap base address is the
#     maximum limit for the native heap growth. Please use -XX:HeapBaseMinAddress
#     to set the Java Heap base and to place the Java Heap above 4GB virtual address.
# This output file may be truncated or incomplete.
#
#  Out of Memory Error (./src/hotspot/os/windows/os_windows.cpp:3521), pid=10512, tid=14456
#
# JRE version: OpenJDK Runtime Environment (11.0.12+7) (build 11.0.12+7-b1504.28-7817840)
# Java VM: OpenJDK 64-Bit Server VM (11.0.12+7-b1504.28-7817840, mixed mode, tiered, compressed oops, g1 gc, windows-amd64)
# No core dump will be written. Minidumps are not enabled by default on client versions of Windows
#

---------------  S U M M A R Y ------------

Command Line: --add-opens=java.base/java.util=ALL-UNNAMED --add-opens=java.base/java.lang=ALL-UNNAMED --add-opens=java.base/java.lang.invoke=ALL-UNNAMED --add-opens=java.base/java.util=ALL-UNNAMED --add-opens=java.prefs/java.util.prefs=ALL-UNNAMED --add-opens=java.prefs/java.util.prefs=ALL-UNNAMED --add-opens=java.base/java.nio.charset=ALL-UNNAMED --add-opens=java.base/java.net=ALL-UNNAMED --add-opens=java.base/java.util.concurrent.atomic=ALL-UNNAMED -Xmx2048m -Dfile.encoding=UTF-8 -Duser.country=US -Duser.language=en -Duser.variant org.gradle.launcher.daemon.bootstrap.GradleDaemon 7.3.3

Host: Intel(R) Core(TM) i5-7300HQ CPU @ 2.50GHz, 4 cores, 7G,  Windows 10 , 64 bit Build 19041 (10.0.19041.1741)
Time: Sun Jul 10 12:11:59 2022 India Standard Time elapsed time: 46.439410 seconds (0d 0h 0m 46s)

---------------  T H R E A D  ---------------

Current thread (0x0000028b7eacb000):  VMThread "VM Thread" [stack: 0x000000c890700000,0x000000c890800000] [id=14456]

Stack: [0x000000c890700000,0x000000c890800000]
[error occurred during error reporting (printing stack bounds), id 0xc0000005, EXCEPTION_ACCESS_VIOLATION (0xc0000005) at pc=0x0000028b6a9f112d]

Native frames: (J=compiled Java code, j=interpreted, Vv=VM code, C=native code)
V  [jvm.dll+0x5fbcea]
V  [jvm.dll+0x731905]
V  [jvm.dll+0x732f1d]
V  [jvm.dll+0x733535]
V  [jvm.dll+0x7334eb]
V  [jvm.dll+0x5fb080]
V  [jvm.dll+0x5fb818]
C  [ntdll.dll+0xa209f]
C  [ntdll.dll+0x51454]
C  [ntdll.dll+0xa0bce]
C  0x0000028b6a9f112d

VM_Operation (0x000000c895efca90): G1CollectForAllocation, mode: safepoint, requested by thread 0x0000028b059ad800


---------------  P R O C E S S  ---------------

Threads class SMR info:
_java_thread_list=0x0000028b05ec9da0, length=99, elements={
0x0000028b66edc000, 0x0000028b7eacf000, 0x0000028b7ead4800, 0x0000028b7f463800,
0x0000028b7eaea000, 0x0000028b7eaec000, 0x0000028b7eaf2800, 0x0000028b7eb17800,
0x0000028b7f4b0800, 0x0000028b7f59c800, 0x0000028b0258e800, 0x0000028b02fc7000,
0x0000028b03c4e800, 0x0000028b02119800, 0x0000028b029d6800, 0x0000028b7f53e000,
0x0000028b0331f000, 0x0000028b03c67000, 0x0000028b03c68800, 0x0000028b03c69800,
0x0000028b03c68000, 0x0000028b7f6ee000, 0x0000028b7f6ea000, 0x0000028b7f6ee800,
0x0000028b7f6eb800, 0x0000028b7f6ea800, 0x0000028b7f6ec000, 0x0000028b7f6ed000,
0x0000028b7f6e9000, 0x0000028b7f6f0800, 0x0000028b7f6f2000, 0x0000028b7f6ef800,
0x0000028b7f6f2800, 0x0000028b7f6f5000, 0x0000028b7f6f1000, 0x0000028b7f6f7000,
0x0000028b7f6f7800, 0x0000028b04739800, 0x0000028b0473d000, 0x0000028b0473b000,
0x0000028b04740000, 0x0000028b0473d800, 0x0000028b0473e800, 0x0000028b0473c000,
0x0000028b0473f800, 0x0000028b0473a800, 0x0000028b04746000, 0x0000028b04746800,
0x0000028b04742800, 0x0000028b04741800, 0x0000028b04741000, 0x0000028b04743800,
0x0000028b04744000, 0x0000028b04748800, 0x0000028b04747800, 0x0000028b04745000,
0x0000028b05965000, 0x0000028b05960000, 0x0000028b05963800, 0x0000028b05962800,
0x0000028b05964000, 0x0000028b05965800, 0x0000028b05961800, 0x0000028b05966800,
0x0000028b05961000, 0x0000028b0596c800, 0x0000028b0596d000, 0x0000028b05967800,
0x0000028b05968000, 0x0000028b0596e000, 0x0000028b0596e800, 0x0000028b0596a000,
0x0000028b05969000, 0x0000028b0596b800, 0x0000028b0596a800, 0x0000028b059a1000,
0x0000028b059a2800, 0x0000028b059a6000, 0x0000028b059a5000, 0x0000028b059a4800,
0x0000028b059a7000, 0x0000028b059a2000, 0x0000028b059ae000, 0x0000028b059ad800,
0x0000028b059a8800, 0x0000028b059ab000, 0x0000028b059a9000, 0x0000028b059af000,
0x0000028b059af800, 0x0000028b059aa000, 0x0000028b059ab800, 0x0000028b06455800,
0x0000028b06456800, 0x0000028b06459800, 0x0000028b06457000, 0x0000028b06459000,
0x0000028b0645a800, 0x0000028b06454800, 0x0000028b0645b000
}

Java Threads: ( => current thread )
  0x0000028b66edc000 JavaThread "main" [_thread_blocked, id=11044, stack(0x000000c890100000,0x000000c890200000)]
  0x0000028b7eacf000 JavaThread "Reference Handler" daemon [_thread_blocked, id=9444, stack(0x000000c890800000,0x000000c890900000)]
  0x0000028b7ead4800 JavaThread "Finalizer" daemon [_thread_blocked, id=1368, stack(0x000000c890900000,0x000000c890a00000)]
  0x0000028b7f463800 JavaThread "Signal Dispatcher" daemon [_thread_blocked, id=13748, stack(0x000000c890a00000,0x000000c890b00000)]
  0x0000028b7eaea000 JavaThread "Attach Listener" daemon [_thread_blocked, id=6788, stack(0x000000c890b00000,0x000000c890c00000)]
  0x0000028b7eaec000 JavaThread "Service Thread" daemon [_thread_blocked, id=2420, stack(0x000000c890c00000,0x000000c890d00000)]
  0x0000028b7eaf2800 JavaThread "C2 CompilerThread0" daemon [_thread_in_native, id=5696, stack(0x000000c890d00000,0x000000c890e00000)]
  0x0000028b7eb17800 JavaThread "C1 CompilerThread0" daemon [_thread_blocked, id=11032, stack(0x000000c890e00000,0x000000c890f00000)]
  0x0000028b7f4b0800 JavaThread "Sweeper thread" daemon [_thread_blocked, id=7276, stack(0x000000c890f00000,0x000000c891000000)]
  0x0000028b7f59c800 JavaThread "Common-Cleaner" daemon [_thread_blocked, id=2036, stack(0x000000c891000000,0x000000c891100000)]
  0x0000028b0258e800 JavaThread "Daemon health stats" [_thread_blocked, id=12584, stack(0x000000c891200000,0x000000c891300000)]
  0x0000028b02fc7000 JavaThread "Incoming local TCP Connector on port 49504" [_thread_in_native, id=8080, stack(0x000000c891500000,0x000000c891600000)]
  0x0000028b03c4e800 JavaThread "Daemon periodic checks" [_thread_blocked, id=12352, stack(0x000000c891600000,0x000000c891700000)]
  0x0000028b02119800 JavaThread "Daemon" [_thread_blocked, id=1268, stack(0x000000c891700000,0x000000c891800000)]
  0x0000028b029d6800 JavaThread "Handler for socket connection from /127.0.0.1:49504 to /127.0.0.1:49505" [_thread_in_native, id=15152, stack(0x000000c891800000,0x000000c891900000)]
  0x0000028b7f53e000 JavaThread "Cancel handler" [_thread_blocked, id=13196, stack(0x000000c891a00000,0x000000c891b00000)]
  0x0000028b0331f000 JavaThread "Daemon worker" [_thread_blocked, id=12836, stack(0x000000c891b00000,0x000000c891c00000)]
  0x0000028b03c67000 JavaThread "Asynchronous log dispatcher for DefaultDaemonConnection: socket connection from /127.0.0.1:49504 to /127.0.0.1:49505" [_thread_blocked, id=8856, stack(0x000000c891c00000,0x000000c891d00000)]
  0x0000028b03c68800 JavaThread "Stdin handler" [_thread_blocked, id=956, stack(0x000000c891d00000,0x000000c891e00000)]
  0x0000028b03c69800 JavaThread "Daemon client event forwarder" [_thread_blocked, id=5728, stack(0x000000c891e00000,0x000000c891f00000)]
  0x0000028b03c68000 JavaThread "Cache worker for journal cache (C:\Users\Tushar\.gradle\caches\journal-1)" [_thread_blocked, id=12340, stack(0x000000c891f00000,0x000000c892000000)]
  0x0000028b7f6ee000 JavaThread "File lock request listener" [_thread_in_native, id=5976, stack(0x000000c892000000,0x000000c892100000)]
  0x0000028b7f6ea000 JavaThread "Cache worker for file hash cache (C:\Users\Tushar\.gradle\caches\7.3.3\fileHashes)" [_thread_blocked, id=4884, stack(0x000000c892100000,0x000000c892200000)]
  0x0000028b7f6ee800 JavaThread "Cache worker for file hash cache (C:\Users\Tushar\Documents\repos\T-Frag\.gradle\7.3.3\fileHashes)" [_thread_blocked, id=7576, stack(0x000000c892200000,0x000000c892300000)]
  0x0000028b7f6eb800 JavaThread "File watcher server" daemon [_thread_blocked, id=5384, stack(0x000000c892300000,0x000000c892400000)]
  0x0000028b7f6ea800 JavaThread "File watcher consumer" daemon [_thread_blocked, id=14076, stack(0x000000c892400000,0x000000c892500000)]
  0x0000028b7f6ec000 JavaThread "Cache worker for checksums cache (C:\Users\Tushar\Documents\repos\T-Frag\.gradle\7.3.3\checksums)" [_thread_blocked, id=10444, stack(0x000000c892500000,0x000000c892600000)]
  0x0000028b7f6ed000 JavaThread "Cache worker for cache directory md-supplier (C:\Users\Tushar\.gradle\caches\7.3.3\md-supplier)" [_thread_blocked, id=6048, stack(0x000000c892600000,0x000000c892700000)]
  0x0000028b7f6e9000 JavaThread "Cache worker for cache directory md-rule (C:\Users\Tushar\.gradle\caches\7.3.3\md-rule)" [_thread_blocked, id=5732, stack(0x000000c892700000,0x000000c892800000)]
  0x0000028b7f6f0800 JavaThread "Cache worker for execution history cache (C:\Users\Tushar\.gradle\caches\7.3.3\executionHistory)" [_thread_blocked, id=1876, stack(0x000000c892800000,0x000000c892900000)]
  0x0000028b7f6f2000 JavaThread "jar transforms" [_thread_blocked, id=9960, stack(0x000000c892900000,0x000000c892a00000)]
  0x0000028b7f6ef800 JavaThread "jar transforms Thread 2" [_thread_blocked, id=15216, stack(0x000000c892a00000,0x000000c892b00000)]
  0x0000028b7f6f2800 JavaThread "Cache worker for file content cache (C:\Users\Tushar\.gradle\caches\7.3.3\fileContent)" [_thread_blocked, id=2412, stack(0x000000c892b00000,0x000000c892c00000)]
  0x0000028b7f6f5000 JavaThread "Cache worker for dependencies-accessors (C:\Users\Tushar\Documents\repos\T-Frag\.gradle\7.3.3\dependencies-accessors)" [_thread_blocked, id=2236, stack(0x000000c892c00000,0x000000c892d00000)]
  0x0000028b7f6f1000 JavaThread "jar transforms Thread 3" [_thread_blocked, id=9520, stack(0x000000c892d00000,0x000000c892e00000)]
  0x0000028b7f6f7000 JavaThread "Cache worker for Build Output Cleanup Cache (C:\Users\Tushar\Documents\repos\T-Frag\.gradle\buildOutputCleanup)" [_thread_blocked, id=11172, stack(0x000000c892e00000,0x000000c892f00000)]
  0x0000028b7f6f7800 JavaThread "Unconstrained build operations" [_thread_blocked, id=10160, stack(0x000000c892f00000,0x000000c893000000)]
  0x0000028b04739800 JavaThread "Unconstrained build operations Thread 2" [_thread_blocked, id=1676, stack(0x000000c893000000,0x000000c893100000)]
  0x0000028b0473d000 JavaThread "Unconstrained build operations Thread 3" [_thread_blocked, id=13824, stack(0x000000c893100000,0x000000c893200000)]
  0x0000028b0473b000 JavaThread "Unconstrained build operations Thread 4" [_thread_blocked, id=13484, stack(0x000000c893200000,0x000000c893300000)]
  0x0000028b04740000 JavaThread "Unconstrained build operations Thread 5" [_thread_blocked, id=13500, stack(0x000000c893300000,0x000000c893400000)]
  0x0000028b0473d800 JavaThread "Unconstrained build operations Thread 6" [_thread_blocked, id=11628, stack(0x000000c893400000,0x000000c893500000)]
  0x0000028b0473e800 JavaThread "Unconstrained build operations Thread 7" [_thread_blocked, id=9400, stack(0x000000c893500000,0x000000c893600000)]
  0x0000028b0473c000 JavaThread "Unconstrained build operations Thread 8" [_thread_blocked, id=1028, stack(0x000000c893600000,0x000000c893700000)]
  0x0000028b0473f800 JavaThread "Unconstrained build operations Thread 9" [_thread_blocked, id=13944, stack(0x000000c893700000,0x000000c893800000)]
  0x0000028b0473a800 JavaThread "Unconstrained build operations Thread 10" [_thread_blocked, id=12540, stack(0x000000c893800000,0x000000c893900000)]
  0x0000028b04746000 JavaThread "Unconstrained build operations Thread 11" [_thread_blocked, id=3916, stack(0x000000c893900000,0x000000c893a00000)]
  0x0000028b04746800 JavaThread "Unconstrained build operations Thread 12" [_thread_blocked, id=3812, stack(0x000000c893a00000,0x000000c893b00000)]
  0x0000028b04742800 JavaThread "Unconstrained build operations Thread 13" [_thread_blocked, id=11748, stack(0x000000c893b00000,0x000000c893c00000)]
  0x0000028b04741800 JavaThread "Unconstrained build operations Thread 14" [_thread_blocked, id=13208, stack(0x000000c893c00000,0x000000c893d00000)]
  0x0000028b04741000 JavaThread "Unconstrained build operations Thread 15" [_thread_blocked, id=3168, stack(0x000000c893d00000,0x000000c893e00000)]
  0x0000028b04743800 JavaThread "Unconstrained build operations Thread 16" [_thread_blocked, id=14912, stack(0x000000c893e00000,0x000000c893f00000)]
  0x0000028b04744000 JavaThread "Unconstrained build operations Thread 17" [_thread_blocked, id=3476, stack(0x000000c893f00000,0x000000c894000000)]
  0x0000028b04748800 JavaThread "Unconstrained build operations Thread 18" [_thread_blocked, id=2608, stack(0x000000c894000000,0x000000c894100000)]
  0x0000028b04747800 JavaThread "Unconstrained build operations Thread 19" [_thread_blocked, id=6296, stack(0x000000c894100000,0x000000c894200000)]
  0x0000028b04745000 JavaThread "Unconstrained build operations Thread 20" [_thread_blocked, id=9072, stack(0x000000c894200000,0x000000c894300000)]
  0x0000028b05965000 JavaThread "Unconstrained build operations Thread 21" [_thread_blocked, id=14040, stack(0x000000c894300000,0x000000c894400000)]
  0x0000028b05960000 JavaThread "Unconstrained build operations Thread 22" [_thread_blocked, id=10348, stack(0x000000c894400000,0x000000c894500000)]
  0x0000028b05963800 JavaThread "Unconstrained build operations Thread 23" [_thread_blocked, id=2368, stack(0x000000c894500000,0x000000c894600000)]
  0x0000028b05962800 JavaThread "Unconstrained build operations Thread 24" [_thread_blocked, id=7796, stack(0x000000c894600000,0x000000c894700000)]
  0x0000028b05964000 JavaThread "Unconstrained build operations Thread 25" [_thread_blocked, id=15008, stack(0x000000c894700000,0x000000c894800000)]
  0x0000028b05965800 JavaThread "Unconstrained build operations Thread 26" [_thread_blocked, id=12964, stack(0x000000c894800000,0x000000c894900000)]
  0x0000028b05961800 JavaThread "Unconstrained build operations Thread 27" [_thread_blocked, id=6428, stack(0x000000c894900000,0x000000c894a00000)]
  0x0000028b05966800 JavaThread "Unconstrained build operations Thread 28" [_thread_blocked, id=8384, stack(0x000000c894a00000,0x000000c894b00000)]
  0x0000028b05961000 JavaThread "Unconstrained build operations Thread 29" [_thread_blocked, id=15076, stack(0x000000c894b00000,0x000000c894c00000)]
  0x0000028b0596c800 JavaThread "Unconstrained build operations Thread 30" [_thread_blocked, id=6988, stack(0x000000c894c00000,0x000000c894d00000)]
  0x0000028b0596d000 JavaThread "Unconstrained build operations Thread 31" [_thread_blocked, id=6420, stack(0x000000c894d00000,0x000000c894e00000)]
  0x0000028b05967800 JavaThread "Unconstrained build operations Thread 32" [_thread_blocked, id=3936, stack(0x000000c894e00000,0x000000c894f00000)]
  0x0000028b05968000 JavaThread "Unconstrained build operations Thread 33" [_thread_blocked, id=3816, stack(0x000000c894f00000,0x000000c895000000)]
  0x0000028b0596e000 JavaThread "Unconstrained build operations Thread 34" [_thread_blocked, id=13768, stack(0x000000c895000000,0x000000c895100000)]
  0x0000028b0596e800 JavaThread "Unconstrained build operations Thread 35" [_thread_blocked, id=8320, stack(0x000000c895100000,0x000000c895200000)]
  0x0000028b0596a000 JavaThread "Unconstrained build operations Thread 36" [_thread_blocked, id=11420, stack(0x000000c895200000,0x000000c895300000)]
  0x0000028b05969000 JavaThread "Unconstrained build operations Thread 37" [_thread_blocked, id=7596, stack(0x000000c895300000,0x000000c895400000)]
  0x0000028b0596b800 JavaThread "Unconstrained build operations Thread 38" [_thread_blocked, id=5144, stack(0x000000c895400000,0x000000c895500000)]
  0x0000028b0596a800 JavaThread "Unconstrained build operations Thread 39" [_thread_blocked, id=14156, stack(0x000000c895500000,0x000000c895600000)]
  0x0000028b059a1000 JavaThread "Unconstrained build operations Thread 40" [_thread_blocked, id=4448, stack(0x000000c895600000,0x000000c895700000)]
  0x0000028b059a2800 JavaThread "jar transforms Thread 4" [_thread_blocked, id=9720, stack(0x000000c895700000,0x000000c895800000)]
  0x0000028b059a6000 JavaThread "Memory manager" [_thread_blocked, id=14876, stack(0x000000c895800000,0x000000c895900000)]
  0x0000028b059a5000 JavaThread "build event listener" [_thread_blocked, id=13228, stack(0x000000c895900000,0x000000c895a00000)]
  0x0000028b059a4800 JavaThread "Execution worker for ':'" [_thread_blocked, id=4556, stack(0x000000c895a00000,0x000000c895b00000)]
  0x0000028b059a7000 JavaThread "Execution worker for ':' Thread 2" [_thread_blocked, id=7312, stack(0x000000c895b00000,0x000000c895c00000)]
  0x0000028b059a2000 JavaThread "Execution worker for ':' Thread 3" [_thread_blocked, id=5284, stack(0x000000c895c00000,0x000000c895d00000)]
  0x0000028b059ae000 JavaThread "Cache worker for execution history cache (C:\Users\Tushar\Documents\repos\T-Frag\.gradle\7.3.3\executionHistory)" [_thread_blocked, id=4852, stack(0x000000c895d00000,0x000000c895e00000)]
  0x0000028b059ad800 JavaThread "WorkerExecutor Queue" [_thread_blocked, id=2400, stack(0x000000c895e00000,0x000000c895f00000)]
  0x0000028b059a8800 JavaThread "WorkerExecutor Queue Thread 2" [_thread_blocked, id=4236, stack(0x000000c895f00000,0x000000c896000000)]
  0x0000028b059ab000 JavaThread "WorkerExecutor Queue Thread 4" [_thread_blocked, id=2812, stack(0x000000c896100000,0x000000c896200000)]
  0x0000028b059a9000 JavaThread "pool-3-thread-1" [_thread_blocked, id=4808, stack(0x000000c890000000,0x000000c890100000)]
  0x0000028b059af000 JavaThread "stderr" [_thread_in_native, id=12528, stack(0x000000c896200000,0x000000c896300000)]
  0x0000028b059af800 JavaThread "stdout" [_thread_in_native, id=9564, stack(0x000000c896300000,0x000000c896400000)]
  0x0000028b059aa000 JavaThread "Cache worker for Java compile cache (C:\Users\Tushar\.gradle\caches\7.3.3\javaCompile)" [_thread_blocked, id=12632, stack(0x000000c896600000,0x000000c896700000)]
  0x0000028b059ab800 JavaThread "Build operations" [_thread_blocked, id=12452, stack(0x000000c896700000,0x000000c896800000)]
  0x0000028b06455800 JavaThread "Build operations Thread 2" [_thread_blocked, id=14868, stack(0x000000c896800000,0x000000c896900000)]
  0x0000028b06456800 JavaThread "Build operations Thread 3" [_thread_blocked, id=8828, stack(0x000000c896900000,0x000000c896a00000)]
  0x0000028b06459800 JavaThread "Build operations Thread 4" [_thread_blocked, id=15356, stack(0x000000c896a00000,0x000000c896b00000)]
  0x0000028b06457000 JavaThread "WorkerExecutor Queue Thread 6" [_thread_blocked, id=8412, stack(0x000000c896b00000,0x000000c896c00000)]
  0x0000028b06459000 JavaThread "ForkJoinPool-1-worker-3" daemon [_thread_blocked, id=15060, stack(0x000000c896c00000,0x000000c896d00000)]
  0x0000028b0645a800 JavaThread "ForkJoinPool-1-worker-5" daemon [_thread_blocked, id=12716, stack(0x000000c896d00000,0x000000c896e00000)]
  0x0000028b06454800 JavaThread "ForkJoinPool-1-worker-7" daemon [_thread_blocked, id=11560, stack(0x000000c896e00000,0x000000c896f00000)]
  0x0000028b0645b000 JavaThread "ForkJoinPool-1-worker-1" daemon [_thread_blocked, id=7600, stack(0x000000c896f00000,0x000000c897000000)]

Other Threads:
=>0x0000028b7eacb000 VMThread "VM Thread" [stack: 0x000000c890700000,0x000000c890800000] [id=14456]
  0x0000028b7f5ce000 WatcherThread [stack: 0x000000c891100000,0x000000c891200000] [id=60]
  0x0000028b66ef5000 GCTaskThread "GC Thread#0" [stack: 0x000000c890200000,0x000000c890300000] [id=1812]
  0x0000028b027fe800 GCTaskThread "GC Thread#1" [stack: 0x000000c891300000,0x000000c891400000] [id=12468]
  0x0000028b028e0800 GCTaskThread "GC Thread#2" [stack: 0x000000c891400000,0x000000c891500000] [id=15072]
  0x0000028b023a6000 GCTaskThread "GC Thread#3" [stack: 0x000000c891900000,0x000000c891a00000] [id=3416]
  0x0000028b66f26800 ConcurrentGCThread "G1 Main Marker" [stack: 0x000000c890300000,0x000000c890400000] [id=14468]
  0x0000028b66f28800 ConcurrentGCThread "G1 Conc#0" [stack: 0x000000c890400000,0x000000c890500000] [id=13932]
  0x0000028b66fb7000 ConcurrentGCThread "G1 Refine#0" [stack: 0x000000c890500000,0x000000c890600000] [id=11168]
  0x0000028b66fb8000 ConcurrentGCThread "G1 Young RemSet Sampling" [stack: 0x000000c890600000,0x000000c890700000] [id=15100]

Threads with active compile tasks:
C2 CompilerThread0  46557 17894       4       com.android.tools.r8.dex.j::e (664 bytes)

VM state:at safepoint (normal execution)

VM Mutex/Monitor currently owned by a thread:  ([mutex/lock_event])
[0x0000028b66ed88a0] Threads_lock - owner thread: 0x0000028b7eacb000
[0x0000028b66ed9110] Heap_lock - owner thread: 0x0000028b059ad800

Heap address: 0x0000000080000000, size: 2048 MB, Compressed Oops mode: 32-bit
Narrow klass base: 0x0000000000000000, Narrow klass shift: 3
Compressed class space size: 1073741824 Address: 0x0000000100000000

Heap:
 garbage-first heap   total 615424K, used 206851K [0x0000000080000000, 0x0000000100000000)
  region size 1024K, 3 young (3072K), 3 survivors (3072K)
 Metaspace       used 122674K, capacity 125794K, committed 126584K, reserved 1159168K
  class space    used 15623K, capacity 16780K, committed 17100K, reserved 1048576K
Heap Regions: E=young(eden), S=young(survivor), O=old, HS=humongous(starts), HC=humongous(continues), CS=collection set, F=free, A=archive, TAMS=top-at-mark-start (previous, next)
|   0|0x0000000080000000, 0x0000000080100000, 0x0000000080100000|100%| O|  |TAMS 0x0000000080100000, 0x0000000080000000| Untracked 
|   1|0x0000000080100000, 0x0000000080200000, 0x0000000080200000|100%| O|  |TAMS 0x0000000080200000, 0x0000000080100000| Untracked 
|   2|0x0000000080200000, 0x0000000080300000, 0x0000000080300000|100%| O|  |TAMS 0x0000000080300000, 0x0000000080200000| Untracked 
|   3|0x0000000080300000, 0x0000000080400000, 0x0000000080400000|100%|HS|  |TAMS 0x0000000080400000, 0x0000000080300000| Complete 
|   4|0x0000000080400000, 0x0000000080500000, 0x0000000080500000|100%|HC|  |TAMS 0x0000000080500000, 0x0000000080400000| Complete 
|   5|0x0000000080500000, 0x0000000080600000, 0x0000000080600000|100%|HC|  |TAMS 0x0000000080600000, 0x0000000080500000| Complete 
|   6|0x0000000080600000, 0x0000000080700000, 0x0000000080700000|100%| O|  |TAMS 0x0000000080700000, 0x0000000080600000| Untracked 
|   7|0x0000000080700000, 0x0000000080800000, 0x0000000080800000|100%| O|  |TAMS 0x0000000080800000, 0x0000000080700000| Untracked 
|   8|0x0000000080800000, 0x0000000080900000, 0x0000000080900000|100%| O|  |TAMS 0x0000000080900000, 0x0000000080800000| Untracked 
|   9|0x0000000080900000, 0x0000000080a00000, 0x0000000080a00000|100%| O|  |TAMS 0x0000000080a00000, 0x0000000080900000| Untracked 
|  10|0x0000000080a00000, 0x0000000080b00000, 0x0000000080b00000|100%| O|  |TAMS 0x0000000080b00000, 0x0000000080a00000| Untracked 
|  11|0x0000000080b00000, 0x0000000080c00000, 0x0000000080c00000|100%| O|  |TAMS 0x0000000080c00000, 0x0000000080b00000| Untracked 
|  12|0x0000000080c00000, 0x0000000080d00000, 0x0000000080d00000|100%| O|  |TAMS 0x0000000080d00000, 0x0000000080c00000| Untracked 
|  13|0x0000000080d00000, 0x0000000080e00000, 0x0000000080e00000|100%| O|  |TAMS 0x0000000080e00000, 0x0000000080d00000| Untracked 
|  14|0x0000000080e00000, 0x0000000080f00000, 0x0000000080f00000|100%| O|  |TAMS 0x0000000080f00000, 0x0000000080e00000| Untracked 
|  15|0x0000000080f00000, 0x0000000081000000, 0x0000000081000000|100%| O|  |TAMS 0x0000000081000000, 0x0000000080f00000| Untracked 
|  16|0x0000000081000000, 0x0000000081100000, 0x0000000081100000|100%|HS|  |TAMS 0x0000000081100000, 0x0000000081000000| Complete 
|  17|0x0000000081100000, 0x0000000081200000, 0x0000000081200000|100%| O|  |TAMS 0x0000000081200000, 0x0000000081100000| Untracked 
|  18|0x0000000081200000, 0x0000000081300000, 0x0000000081300000|100%| O|  |TAMS 0x0000000081300000, 0x0000000081200000| Untracked 
|  19|0x0000000081300000, 0x0000000081400000, 0x0000000081400000|100%| O|  |TAMS 0x0000000081400000, 0x0000000081300000| Untracked 
|  20|0x0000000081400000, 0x0000000081500000, 0x0000000081500000|100%| O|  |TAMS 0x0000000081500000, 0x0000000081400000| Untracked 
|  21|0x0000000081500000, 0x0000000081600000, 0x0000000081600000|100%| O|  |TAMS 0x0000000081600000, 0x0000000081500000| Untracked 
|  22|0x0000000081600000, 0x0000000081700000, 0x0000000081700000|100%| O|  |TAMS 0x0000000081700000, 0x0000000081600000| Untracked 
|  23|0x0000000081700000, 0x0000000081800000, 0x0000000081800000|100%|HS|  |TAMS 0x0000000081800000, 0x0000000081700000| Complete 
|  24|0x0000000081800000, 0x0000000081900000, 0x0000000081900000|100%|HS|  |TAMS 0x0000000081900000, 0x0000000081800000| Complete 
|  25|0x0000000081900000, 0x0000000081a00000, 0x0000000081a00000|100%|HC|  |TAMS 0x0000000081a00000, 0x0000000081900000| Complete 
|  26|0x0000000081a00000, 0x0000000081b00000, 0x0000000081b00000|100%| O|  |TAMS 0x0000000081b00000, 0x0000000081a00000| Untracked 
|  27|0x0000000081b00000, 0x0000000081c00000, 0x0000000081c00000|100%| O|  |TAMS 0x0000000081c00000, 0x0000000081b00000| Untracked 
|  28|0x0000000081c00000, 0x0000000081d00000, 0x0000000081d00000|100%| O|  |TAMS 0x0000000081d00000, 0x0000000081c00000| Untracked 
|  29|0x0000000081d00000, 0x0000000081e00000, 0x0000000081e00000|100%| O|  |TAMS 0x0000000081e00000, 0x0000000081d00000| Untracked 
|  30|0x0000000081e00000, 0x0000000081f00000, 0x0000000081f00000|100%| O|  |TAMS 0x0000000081f00000, 0x0000000081e00000| Untracked 
|  31|0x0000000081f00000, 0x0000000082000000, 0x0000000082000000|100%| O|  |TAMS 0x0000000082000000, 0x0000000081f00000| Untracked 
|  32|0x0000000082000000, 0x0000000082100000, 0x0000000082100000|100%| O|  |TAMS 0x0000000082100000, 0x0000000082000000| Untracked 
|  33|0x0000000082100000, 0x0000000082200000, 0x0000000082200000|100%| O|  |TAMS 0x0000000082200000, 0x0000000082100000| Untracked 
|  34|0x0000000082200000, 0x0000000082300000, 0x0000000082300000|100%| O|  |TAMS 0x0000000082300000, 0x0000000082200000| Untracked 
|  35|0x0000000082300000, 0x0000000082400000, 0x0000000082400000|100%| O|  |TAMS 0x0000000082400000, 0x0000000082300000| Untracked 
|  36|0x0000000082400000, 0x0000000082500000, 0x0000000082500000|100%| O|  |TAMS 0x0000000082500000, 0x0000000082400000| Untracked 
|  37|0x0000000082500000, 0x0000000082600000, 0x0000000082600000|100%| O|  |TAMS 0x0000000082600000, 0x0000000082500000| Untracked 
|  38|0x0000000082600000, 0x0000000082700000, 0x0000000082700000|100%| O|  |TAMS 0x0000000082700000, 0x0000000082600000| Untracked 
|  39|0x0000000082700000, 0x0000000082800000, 0x0000000082800000|100%| O|  |TAMS 0x0000000082800000, 0x0000000082700000| Untracked 
|  40|0x0000000082800000, 0x0000000082900000, 0x0000000082900000|100%| O|  |TAMS 0x0000000082900000, 0x0000000082800000| Untracked 
|  41|0x0000000082900000, 0x0000000082a00000, 0x0000000082a00000|100%| O|  |TAMS 0x0000000082a00000, 0x0000000082900000| Untracked 
|  42|0x0000000082a00000, 0x0000000082b00000, 0x0000000082b00000|100%| O|  |TAMS 0x0000000082b00000, 0x0000000082a00000| Untracked 
|  43|0x0000000082b00000, 0x0000000082c00000, 0x0000000082c00000|100%| O|  |TAMS 0x0000000082c00000, 0x0000000082b00000| Untracked 
|  44|0x0000000082c00000, 0x0000000082d00000, 0x0000000082d00000|100%| O|  |TAMS 0x0000000082d00000, 0x0000000082c00000| Untracked 
|  45|0x0000000082d00000, 0x0000000082e00000, 0x0000000082e00000|100%| O|  |TAMS 0x0000000082e00000, 0x0000000082d00000| Untracked 
|  46|0x0000000082e00000, 0x0000000082f00000, 0x0000000082f00000|100%| O|  |TAMS 0x0000000082f00000, 0x0000000082e00000| Untracked 
|  47|0x0000000082f00000, 0x0000000083000000, 0x0000000083000000|100%| O|  |TAMS 0x0000000083000000, 0x0000000082f00000| Untracked 
|  48|0x0000000083000000, 0x0000000083100000, 0x0000000083100000|100%| O|  |TAMS 0x0000000083100000, 0x0000000083000000| Untracked 
|  49|0x0000000083100000, 0x0000000083200000, 0x0000000083200000|100%| O|  |TAMS 0x0000000083200000, 0x0000000083100000| Untracked 
|  50|0x0000000083200000, 0x0000000083300000, 0x0000000083300000|100%| O|  |TAMS 0x0000000083300000, 0x0000000083200000| Untracked 
|  51|0x0000000083300000, 0x0000000083400000, 0x0000000083400000|100%| O|  |TAMS 0x0000000083400000, 0x0000000083300000| Untracked 
|  52|0x0000000083400000, 0x0000000083500000, 0x0000000083500000|100%| O|  |TAMS 0x0000000083500000, 0x0000000083400000| Untracked 
|  53|0x0000000083500000, 0x0000000083600000, 0x0000000083600000|100%| O|  |TAMS 0x0000000083600000, 0x0000000083500000| Untracked 
|  54|0x0000000083600000, 0x0000000083700000, 0x0000000083700000|100%| O|  |TAMS 0x0000000083700000, 0x0000000083600000| Untracked 
|  55|0x0000000083700000, 0x0000000083800000, 0x0000000083800000|100%| O|  |TAMS 0x0000000083800000, 0x0000000083700000| Untracked 
|  56|0x0000000083800000, 0x0000000083900000, 0x0000000083900000|100%| O|  |TAMS 0x0000000083900000, 0x0000000083800000| Untracked 
|  57|0x0000000083900000, 0x0000000083a00000, 0x0000000083a00000|100%| O|  |TAMS 0x0000000083a00000, 0x0000000083900000| Untracked 
|  58|0x0000000083a00000, 0x0000000083b00000, 0x0000000083b00000|100%| O|  |TAMS 0x0000000083b00000, 0x0000000083a00000| Untracked 
|  59|0x0000000083b00000, 0x0000000083c00000, 0x0000000083c00000|100%| O|  |TAMS 0x0000000083c00000, 0x0000000083b00000| Untracked 
|  60|0x0000000083c00000, 0x0000000083d00000, 0x0000000083d00000|100%| O|  |TAMS 0x0000000083d00000, 0x0000000083c00000| Untracked 
|  61|0x0000000083d00000, 0x0000000083e00000, 0x0000000083e00000|100%| O|  |TAMS 0x0000000083e00000, 0x0000000083d00000| Untracked 
|  62|0x0000000083e00000, 0x0000000083f00000, 0x0000000083f00000|100%| O|  |TAMS 0x0000000083f00000, 0x0000000083e00000| Untracked 
|  63|0x0000000083f00000, 0x0000000084000000, 0x0000000084000000|100%| O|  |TAMS 0x0000000084000000, 0x0000000083f00000| Untracked 
|  64|0x0000000084000000, 0x0000000084100000, 0x0000000084100000|100%| O|  |TAMS 0x0000000084100000, 0x0000000084000000| Untracked 
|  65|0x0000000084100000, 0x0000000084200000, 0x0000000084200000|100%| O|  |TAMS 0x0000000084200000, 0x0000000084100000| Untracked 
|  66|0x0000000084200000, 0x0000000084300000, 0x0000000084300000|100%| O|  |TAMS 0x0000000084300000, 0x0000000084200000| Untracked 
|  67|0x0000000084300000, 0x0000000084400000, 0x0000000084400000|100%| O|  |TAMS 0x0000000084400000, 0x0000000084300000| Untracked 
|  68|0x0000000084400000, 0x0000000084500000, 0x0000000084500000|100%| O|  |TAMS 0x0000000084500000, 0x0000000084400000| Untracked 
|  69|0x0000000084500000, 0x0000000084600000, 0x0000000084600000|100%| O|  |TAMS 0x0000000084600000, 0x0000000084500000| Untracked 
|  70|0x0000000084600000, 0x0000000084700000, 0x0000000084700000|100%| O|  |TAMS 0x0000000084700000, 0x0000000084600000| Untracked 
|  71|0x0000000084700000, 0x0000000084800000, 0x0000000084800000|100%| O|  |TAMS 0x0000000084800000, 0x0000000084700000| Untracked 
|  72|0x0000000084800000, 0x0000000084900000, 0x0000000084900000|100%| O|  |TAMS 0x0000000084900000, 0x0000000084800000| Untracked 
|  73|0x0000000084900000, 0x0000000084a00000, 0x0000000084a00000|100%| O|  |TAMS 0x0000000084a00000, 0x0000000084900000| Untracked 
|  74|0x0000000084a00000, 0x0000000084b00000, 0x0000000084b00000|100%| O|  |TAMS 0x0000000084b00000, 0x0000000084a00000| Untracked 
|  75|0x0000000084b00000, 0x0000000084c00000, 0x0000000084c00000|100%| O|  |TAMS 0x0000000084c00000, 0x0000000084b00000| Untracked 
|  76|0x0000000084c00000, 0x0000000084d00000, 0x0000000084d00000|100%| O|  |TAMS 0x0000000084d00000, 0x0000000084c00000| Untracked 
|  77|0x0000000084d00000, 0x0000000084e00000, 0x0000000084e00000|100%| O|  |TAMS 0x0000000084e00000, 0x0000000084d00000| Untracked 
|  78|0x0000000084e00000, 0x0000000084f00000, 0x0000000084f00000|100%| O|  |TAMS 0x0000000084f00000, 0x0000000084e00000| Untracked 
|  79|0x0000000084f00000, 0x0000000085000000, 0x0000000085000000|100%| O|  |TAMS 0x0000000085000000, 0x0000000084f00000| Untracked 
|  80|0x0000000085000000, 0x0000000085100000, 0x0000000085100000|100%| O|  |TAMS 0x0000000085100000, 0x0000000085000000| Untracked 
|  81|0x0000000085100000, 0x0000000085200000, 0x0000000085200000|100%| O|  |TAMS 0x0000000085200000, 0x0000000085100000| Untracked 
|  82|0x0000000085200000, 0x0000000085300000, 0x0000000085300000|100%| O|  |TAMS 0x0000000085300000, 0x0000000085200000| Untracked 
|  83|0x0000000085300000, 0x0000000085400000, 0x0000000085400000|100%| O|  |TAMS 0x0000000085400000, 0x0000000085300000| Untracked 
|  84|0x0000000085400000, 0x0000000085500000, 0x0000000085500000|100%| O|  |TAMS 0x0000000085500000, 0x0000000085400000| Untracked 
|  85|0x0000000085500000, 0x0000000085600000, 0x0000000085600000|100%| O|  |TAMS 0x0000000085600000, 0x0000000085500000| Untracked 
|  86|0x0000000085600000, 0x0000000085700000, 0x0000000085700000|100%| O|  |TAMS 0x0000000085700000, 0x0000000085600000| Untracked 
|  87|0x0000000085700000, 0x0000000085800000, 0x0000000085800000|100%| O|  |TAMS 0x0000000085700000, 0x0000000085700000| Untracked 
|  88|0x0000000085800000, 0x0000000085900000, 0x0000000085900000|100%| O|  |TAMS 0x0000000085800000, 0x0000000085800000| Untracked 
|  89|0x0000000085900000, 0x0000000085a00000, 0x0000000085a00000|100%|HS|  |TAMS 0x0000000085a00000, 0x0000000085900000| Complete 
|  90|0x0000000085a00000, 0x0000000085b00000, 0x0000000085b00000|100%| O|  |TAMS 0x0000000085b00000, 0x0000000085a00000| Untracked 
|  91|0x0000000085b00000, 0x0000000085c00000, 0x0000000085c00000|100%| O|  |TAMS 0x0000000085c00000, 0x0000000085b00000| Untracked 
|  92|0x0000000085c00000, 0x0000000085d00000, 0x0000000085d00000|100%| O|  |TAMS 0x0000000085d00000, 0x0000000085c00000| Untracked 
|  93|0x0000000085d00000, 0x0000000085e00000, 0x0000000085e00000|100%|HS|  |TAMS 0x0000000085e00000, 0x0000000085d00000| Complete 
|  94|0x0000000085e00000, 0x0000000085f00000, 0x0000000085f00000|100%| O|  |TAMS 0x0000000085f00000, 0x0000000085e00000| Untracked 
|  95|0x0000000085f00000, 0x0000000086000000, 0x0000000086000000|100%| O|  |TAMS 0x0000000086000000, 0x0000000085f00000| Untracked 
|  96|0x0000000086000000, 0x0000000086100000, 0x0000000086100000|100%| O|  |TAMS 0x0000000086100000, 0x0000000086000000| Untracked 
|  97|0x0000000086100000, 0x0000000086200000, 0x0000000086200000|100%| O|  |TAMS 0x0000000086200000, 0x0000000086100000| Untracked 
|  98|0x0000000086200000, 0x0000000086300000, 0x0000000086300000|100%| O|  |TAMS 0x0000000086300000, 0x0000000086200000| Untracked 
|  99|0x0000000086300000, 0x0000000086400000, 0x0000000086400000|100%| O|  |TAMS 0x0000000086400000, 0x0000000086300000| Untracked 
| 100|0x0000000086400000, 0x0000000086500000, 0x0000000086500000|100%| O|  |TAMS 0x0000000086500000, 0x0000000086400000| Untracked 
| 101|0x0000000086500000, 0x0000000086600000, 0x0000000086600000|100%| O|  |TAMS 0x0000000086600000, 0x0000000086500000| Untracked 
| 102|0x0000000086600000, 0x0000000086700000, 0x0000000086700000|100%| O|  |TAMS 0x0000000086700000, 0x0000000086600000| Untracked 
| 103|0x0000000086700000, 0x0000000086800000, 0x0000000086800000|100%|HS|  |TAMS 0x0000000086700000, 0x0000000086700000| Complete 
| 104|0x0000000086800000, 0x0000000086900000, 0x0000000086900000|100%| O|  |TAMS 0x0000000086900000, 0x0000000086800000| Untracked 
| 105|0x0000000086900000, 0x0000000086a00000, 0x0000000086a00000|100%| O|  |TAMS 0x0000000086a00000, 0x0000000086900000| Untracked 
| 106|0x0000000086a00000, 0x0000000086b00000, 0x0000000086b00000|100%|HS|  |TAMS 0x0000000086a00000, 0x0000000086a00000| Complete 
| 107|0x0000000086b00000, 0x0000000086c00000, 0x0000000086c00000|100%| O|  |TAMS 0x0000000086c00000, 0x0000000086b00000| Untracked 
| 108|0x0000000086c00000, 0x0000000086d00000, 0x0000000086d00000|100%| O|  |TAMS 0x0000000086d00000, 0x0000000086c00000| Untracked 
| 109|0x0000000086d00000, 0x0000000086e00000, 0x0000000086e00000|100%| O|  |TAMS 0x0000000086d00000, 0x0000000086d00000| Untracked 
| 110|0x0000000086e00000, 0x0000000086f00000, 0x0000000086f00000|100%|HS|  |TAMS 0x0000000086f00000, 0x0000000086e00000| Complete 
| 111|0x0000000086f00000, 0x0000000087000000, 0x0000000087000000|100%|HC|  |TAMS 0x0000000087000000, 0x0000000086f00000| Complete 
| 112|0x0000000087000000, 0x0000000087100000, 0x0000000087100000|100%|HC|  |TAMS 0x0000000087100000, 0x0000000087000000| Complete 
| 113|0x0000000087100000, 0x0000000087200000, 0x0000000087200000|100%|HC|  |TAMS 0x0000000087200000, 0x0000000087100000| Complete 
| 114|0x0000000087200000, 0x0000000087300000, 0x0000000087300000|100%|HC|  |TAMS 0x0000000087300000, 0x0000000087200000| Complete 
| 115|0x0000000087300000, 0x0000000087400000, 0x0000000087400000|100%|HC|  |TAMS 0x0000000087400000, 0x0000000087300000| Complete 
| 116|0x0000000087400000, 0x0000000087500000, 0x0000000087500000|100%|HC|  |TAMS 0x0000000087500000, 0x0000000087400000| Complete 
| 117|0x0000000087500000, 0x0000000087600000, 0x0000000087600000|100%|HC|  |TAMS 0x0000000087600000, 0x0000000087500000| Complete 
| 118|0x0000000087600000, 0x0000000087700000, 0x0000000087700000|100%|HC|  |TAMS 0x0000000087700000, 0x0000000087600000| Complete 
| 119|0x0000000087700000, 0x0000000087800000, 0x0000000087800000|100%| O|  |TAMS 0x0000000087800000, 0x0000000087700000| Untracked 
| 120|0x0000000087800000, 0x0000000087900000, 0x0000000087900000|100%| O|  |TAMS 0x0000000087900000, 0x0000000087800000| Untracked 
| 121|0x0000000087900000, 0x0000000087a00000, 0x0000000087a00000|100%| O|  |TAMS 0x0000000087a00000, 0x0000000087900000| Untracked 
| 122|0x0000000087a00000, 0x0000000087b00000, 0x0000000087b00000|100%| O|  |TAMS 0x0000000087b00000, 0x0000000087a00000| Untracked 
| 123|0x0000000087b00000, 0x0000000087c00000, 0x0000000087c00000|100%| O|  |TAMS 0x0000000087c00000, 0x0000000087b00000| Untracked 
| 124|0x0000000087c00000, 0x0000000087d00000, 0x0000000087d00000|100%| O|  |TAMS 0x0000000087d00000, 0x0000000087c00000| Untracked 
| 125|0x0000000087d00000, 0x0000000087e00000, 0x0000000087e00000|100%| O|  |TAMS 0x0000000087e00000, 0x0000000087d00000| Untracked 
| 126|0x0000000087e00000, 0x0000000087f00000, 0x0000000087f00000|100%| O|  |TAMS 0x0000000087f00000, 0x0000000087e00000| Untracked 
| 127|0x0000000087f00000, 0x0000000088000000, 0x0000000088000000|100%| O|  |TAMS 0x0000000088000000, 0x0000000087f00000| Untracked 
| 128|0x0000000088000000, 0x0000000088100000, 0x0000000088100000|100%| O|  |TAMS 0x0000000088100000, 0x0000000088000000| Untracked 
| 129|0x0000000088100000, 0x0000000088200000, 0x0000000088200000|100%| O|  |TAMS 0x0000000088200000, 0x0000000088100000| Untracked 
| 130|0x0000000088200000, 0x0000000088300000, 0x0000000088300000|100%| O|  |TAMS 0x0000000088300000, 0x0000000088200000| Untracked 
| 131|0x0000000088300000, 0x0000000088400000, 0x0000000088400000|100%| O|  |TAMS 0x0000000088400000, 0x0000000088300000| Untracked 
| 132|0x0000000088400000, 0x0000000088500000, 0x0000000088500000|100%| O|  |TAMS 0x0000000088500000, 0x0000000088400000| Untracked 
| 133|0x0000000088500000, 0x0000000088600000, 0x0000000088600000|100%| O|  |TAMS 0x0000000088600000, 0x0000000088500000| Untracked 
| 134|0x0000000088600000, 0x0000000088700000, 0x0000000088700000|100%| O|  |TAMS 0x0000000088700000, 0x0000000088600000| Untracked 
| 135|0x0000000088700000, 0x0000000088800000, 0x0000000088800000|100%| O|  |TAMS 0x0000000088800000, 0x0000000088700000| Untracked 
| 136|0x0000000088800000, 0x0000000088900000, 0x0000000088900000|100%|HS|  |TAMS 0x0000000088900000, 0x0000000088800000| Complete 
| 137|0x0000000088900000, 0x0000000088a00000, 0x0000000088a00000|100%|HC|  |TAMS 0x0000000088a00000, 0x0000000088900000| Complete 
| 138|0x0000000088a00000, 0x0000000088b00000, 0x0000000088b00000|100%|HC|  |TAMS 0x0000000088b00000, 0x0000000088a00000| Complete 
| 139|0x0000000088b00000, 0x0000000088c00000, 0x0000000088c00000|100%|HC|  |TAMS 0x0000000088c00000, 0x0000000088b00000| Complete 
| 140|0x0000000088c00000, 0x0000000088d00000, 0x0000000088d00000|100%|HC|  |TAMS 0x0000000088d00000, 0x0000000088c00000| Complete 
| 141|0x0000000088d00000, 0x0000000088e00000, 0x0000000088e00000|100%|HC|  |TAMS 0x0000000088e00000, 0x0000000088d00000| Complete 
| 142|0x0000000088e00000, 0x0000000088f00000, 0x0000000088f00000|100%|HC|  |TAMS 0x0000000088f00000, 0x0000000088e00000| Complete 
| 143|0x0000000088f00000, 0x0000000089000000, 0x0000000089000000|100%|HC|  |TAMS 0x0000000089000000, 0x0000000088f00000| Complete 
| 144|0x0000000089000000, 0x0000000089100000, 0x0000000089100000|100%|HC|  |TAMS 0x0000000089100000, 0x0000000089000000| Complete 
| 145|0x0000000089100000, 0x0000000089200000, 0x0000000089200000|100%| O|  |TAMS 0x0000000089100000, 0x0000000089100000| Untracked 
| 146|0x0000000089200000, 0x0000000089300000, 0x0000000089300000|100%| O|  |TAMS 0x0000000089200000, 0x0000000089200000| Untracked 
| 147|0x0000000089300000, 0x0000000089400000, 0x0000000089400000|100%| O|  |TAMS 0x0000000089300000, 0x0000000089300000| Untracked 
| 148|0x0000000089400000, 0x0000000089500000, 0x0000000089500000|100%| O|  |TAMS 0x0000000089400000, 0x0000000089400000| Untracked 
| 149|0x0000000089500000, 0x0000000089600000, 0x0000000089600000|100%| O|  |TAMS 0x0000000089500000, 0x0000000089500000| Untracked 
| 150|0x0000000089600000, 0x0000000089700000, 0x0000000089700000|100%| O|  |TAMS 0x0000000089700000, 0x0000000089600000| Untracked 
| 151|0x0000000089700000, 0x0000000089800000, 0x0000000089800000|100%| O|  |TAMS 0x0000000089763000, 0x0000000089700000| Untracked 
| 152|0x0000000089800000, 0x0000000089900000, 0x0000000089900000|100%| O|  |TAMS 0x0000000089800000, 0x0000000089800000| Untracked 
| 153|0x0000000089900000, 0x0000000089a00000, 0x0000000089a00000|100%| O|  |TAMS 0x0000000089900000, 0x0000000089900000| Untracked 
| 154|0x0000000089a00000, 0x0000000089b00000, 0x0000000089b00000|100%| O|  |TAMS 0x0000000089a00000, 0x0000000089a00000| Untracked 
| 155|0x0000000089b00000, 0x0000000089c00000, 0x0000000089c00000|100%| O|  |TAMS 0x0000000089b00000, 0x0000000089b00000| Untracked 
| 156|0x0000000089c00000, 0x0000000089d00000, 0x0000000089d00000|100%| O|  |TAMS 0x0000000089c00000, 0x0000000089c00000| Untracked 
| 157|0x0000000089d00000, 0x0000000089e00000, 0x0000000089e00000|100%| O|  |TAMS 0x0000000089d00000, 0x0000000089d00000| Untracked 
| 158|0x0000000089e00000, 0x0000000089f00000, 0x0000000089f00000|100%| O|  |TAMS 0x0000000089e00000, 0x0000000089e00000| Untracked 
| 159|0x0000000089f00000, 0x000000008a000000, 0x000000008a000000|100%| O|  |TAMS 0x0000000089f00000, 0x0000000089f00000| Untracked 
| 160|0x000000008a000000, 0x000000008a100000, 0x000000008a100000|100%| O|  |TAMS 0x000000008a000000, 0x000000008a000000| Untracked 
| 161|0x000000008a100000, 0x000000008a200000, 0x000000008a200000|100%| O|  |TAMS 0x000000008a100000, 0x000000008a100000| Untracked 
| 162|0x000000008a200000, 0x000000008a300000, 0x000000008a300000|100%| O|  |TAMS 0x000000008a200000, 0x000000008a200000| Untracked 
| 163|0x000000008a300000, 0x000000008a400000, 0x000000008a400000|100%| O|  |TAMS 0x000000008a300000, 0x000000008a300000| Untracked 
| 164|0x000000008a400000, 0x000000008a500000, 0x000000008a500000|100%| O|  |TAMS 0x000000008a400000, 0x000000008a400000| Untracked 
| 165|0x000000008a500000, 0x000000008a600000, 0x000000008a600000|100%| O|  |TAMS 0x000000008a500000, 0x000000008a500000| Untracked 
| 166|0x000000008a600000, 0x000000008a700000, 0x000000008a700000|100%| O|  |TAMS 0x000000008a600000, 0x000000008a600000| Untracked 
| 167|0x000000008a700000, 0x000000008a800000, 0x000000008a800000|100%| O|  |TAMS 0x000000008a700000, 0x000000008a700000| Untracked 
| 168|0x000000008a800000, 0x000000008a900000, 0x000000008a900000|100%| O|  |TAMS 0x000000008a800000, 0x000000008a800000| Untracked 
| 169|0x000000008a900000, 0x000000008aa00000, 0x000000008aa00000|100%| O|  |TAMS 0x000000008a900000, 0x000000008a900000| Untracked 
| 170|0x000000008aa00000, 0x000000008ab00000, 0x000000008ab00000|100%| O|  |TAMS 0x000000008aa00000, 0x000000008aa00000| Untracked 
| 171|0x000000008ab00000, 0x000000008ac00000, 0x000000008ac00000|100%| O|  |TAMS 0x000000008ab00000, 0x000000008ab00000| Untracked 
| 172|0x000000008ac00000, 0x000000008ad00000, 0x000000008ad00000|100%| O|  |TAMS 0x000000008ac00000, 0x000000008ac00000| Untracked 
| 173|0x000000008ad00000, 0x000000008ae00000, 0x000000008ae00000|100%| O|  |TAMS 0x000000008ad00000, 0x000000008ad00000| Untracked 
| 174|0x000000008ae00000, 0x000000008af00000, 0x000000008af00000|100%| O|  |TAMS 0x000000008ae00000, 0x000000008ae00000| Untracked 
| 175|0x000000008af00000, 0x000000008b000000, 0x000000008b000000|100%| O|  |TAMS 0x000000008af00000, 0x000000008af00000| Untracked 
| 176|0x000000008b000000, 0x000000008b100000, 0x000000008b100000|100%| O|  |TAMS 0x000000008b000000, 0x000000008b000000| Untracked 
| 177|0x000000008b100000, 0x000000008b200000, 0x000000008b200000|100%| O|  |TAMS 0x000000008b100000, 0x000000008b100000| Untracked 
| 178|0x000000008b200000, 0x000000008b300000, 0x000000008b300000|100%| O|  |TAMS 0x000000008b200000, 0x000000008b200000| Untracked 
| 179|0x000000008b300000, 0x000000008b400000, 0x000000008b400000|100%| O|  |TAMS 0x000000008b300000, 0x000000008b300000| Untracked 
| 180|0x000000008b400000, 0x000000008b500000, 0x000000008b500000|100%| O|  |TAMS 0x000000008b400000, 0x000000008b400000| Untracked 
| 181|0x000000008b500000, 0x000000008b600000, 0x000000008b600000|100%| O|  |TAMS 0x000000008b500000, 0x000000008b500000| Untracked 
| 182|0x000000008b600000, 0x000000008b700000, 0x000000008b700000|100%|HS|  |TAMS 0x000000008b600000, 0x000000008b600000| Complete 
| 183|0x000000008b700000, 0x000000008b800000, 0x000000008b800000|100%| O|  |TAMS 0x000000008b700000, 0x000000008b700000| Untracked 
| 184|0x000000008b800000, 0x000000008b900000, 0x000000008b900000|100%| O|  |TAMS 0x000000008b800000, 0x000000008b800000| Untracked 
| 185|0x000000008b900000, 0x000000008ba00000, 0x000000008ba00000|100%| O|  |TAMS 0x000000008b900000, 0x000000008b900000| Untracked 
| 186|0x000000008ba00000, 0x000000008bb00000, 0x000000008bb00000|100%| O|  |TAMS 0x000000008ba00000, 0x000000008ba00000| Untracked 
| 187|0x000000008bb00000, 0x000000008bc00000, 0x000000008bc00000|100%| O|  |TAMS 0x000000008bb00000, 0x000000008bb00000| Untracked 
| 188|0x000000008bc00000, 0x000000008bd00000, 0x000000008bd00000|100%| O|  |TAMS 0x000000008bc00000, 0x000000008bc00000| Untracked 
| 189|0x000000008bd00000, 0x000000008be00000, 0x000000008be00000|100%| O|  |TAMS 0x000000008bd00000, 0x000000008bd00000| Untracked 
| 190|0x000000008be00000, 0x000000008bf00000, 0x000000008bf00000|100%|HS|  |TAMS 0x000000008be00000, 0x000000008be00000| Complete 
| 191|0x000000008bf00000, 0x000000008c000000, 0x000000008c000000|100%|HS|  |TAMS 0x000000008bf00000, 0x000000008bf00000| Complete 
| 192|0x000000008c000000, 0x000000008c100000, 0x000000008c100000|100%|HS|  |TAMS 0x000000008c000000, 0x000000008c000000| Complete 
| 193|0x000000008c100000, 0x000000008c200000, 0x000000008c200000|100%|HC|  |TAMS 0x000000008c100000, 0x000000008c100000| Complete 
| 194|0x000000008c200000, 0x000000008c300000, 0x000000008c300000|100%| O|  |TAMS 0x000000008c200000, 0x000000008c200000| Untracked 
| 195|0x000000008c300000, 0x000000008c400000, 0x000000008c400000|100%| O|  |TAMS 0x000000008c300000, 0x000000008c300000| Untracked 
| 196|0x000000008c400000, 0x000000008c500000, 0x000000008c500000|100%| O|  |TAMS 0x000000008c400000, 0x000000008c400000| Untracked 
| 197|0x000000008c500000, 0x000000008c600000, 0x000000008c600000|100%| O|  |TAMS 0x000000008c500000, 0x000000008c500000| Untracked 
| 198|0x000000008c600000, 0x000000008c700000, 0x000000008c700000|100%| O|  |TAMS 0x000000008c600000, 0x000000008c600000| Untracked 
| 199|0x000000008c700000, 0x000000008c76d000, 0x000000008c800000| 42%| O|  |TAMS 0x000000008c700000, 0x000000008c700000| Untracked 
| 200|0x000000008c800000, 0x000000008c800000, 0x000000008c900000|  0%| F|  |TAMS 0x000000008c800000, 0x000000008c800000| Untracked 
| 201|0x000000008c900000, 0x000000008c900000, 0x000000008ca00000|  0%| F|  |TAMS 0x000000008c900000, 0x000000008c900000| Untracked 
| 202|0x000000008ca00000, 0x000000008ca00000, 0x000000008cb00000|  0%| F|  |TAMS 0x000000008ca00000, 0x000000008ca00000| Untracked 
| 203|0x000000008cb00000, 0x000000008cb00000, 0x000000008cc00000|  0%| F|  |TAMS 0x000000008cb00000, 0x000000008cb00000| Untracked 
| 204|0x000000008cc00000, 0x000000008cc00000, 0x000000008cd00000|  0%| F|  |TAMS 0x000000008cc00000, 0x000000008cc00000| Untracked 
| 205|0x000000008cd00000, 0x000000008cd00000, 0x000000008ce00000|  0%| F|  |TAMS 0x000000008cd00000, 0x000000008cd00000| Untracked 
| 206|0x000000008ce00000, 0x000000008ce00000, 0x000000008cf00000|  0%| F|  |TAMS 0x000000008ce00000, 0x000000008ce00000| Untracked 
| 207|0x000000008cf00000, 0x000000008cf00000, 0x000000008d000000|  0%| F|  |TAMS 0x000000008cf00000, 0x000000008cf00000| Untracked 
| 208|0x000000008d000000, 0x000000008d000000, 0x000000008d100000|  0%| F|  |TAMS 0x000000008d000000, 0x000000008d000000| Untracked 
| 209|0x000000008d100000, 0x000000008d100000, 0x000000008d200000|  0%| F|  |TAMS 0x000000008d100000, 0x000000008d100000| Untracked 
| 210|0x000000008d200000, 0x000000008d200000, 0x000000008d300000|  0%| F|  |TAMS 0x000000008d200000, 0x000000008d200000| Untracked 
| 211|0x000000008d300000, 0x000000008d300000, 0x000000008d400000|  0%| F|  |TAMS 0x000000008d300000, 0x000000008d300000| Untracked 
| 212|0x000000008d400000, 0x000000008d400000, 0x000000008d500000|  0%| F|  |TAMS 0x000000008d400000, 0x000000008d400000| Untracked 
| 213|0x000000008d500000, 0x000000008d500000, 0x000000008d600000|  0%| F|  |TAMS 0x000000008d500000, 0x000000008d500000| Untracked 
| 214|0x000000008d600000, 0x000000008d600000, 0x000000008d700000|  0%| F|  |TAMS 0x000000008d600000, 0x000000008d600000| Untracked 
| 215|0x000000008d700000, 0x000000008d700000, 0x000000008d800000|  0%| F|  |TAMS 0x000000008d700000, 0x000000008d700000| Untracked 
| 216|0x000000008d800000, 0x000000008d800000, 0x000000008d900000|  0%| F|  |TAMS 0x000000008d800000, 0x000000008d800000| Untracked 
| 217|0x000000008d900000, 0x000000008d900000, 0x000000008da00000|  0%| F|  |TAMS 0x000000008d900000, 0x000000008d900000| Untracked 
| 218|0x000000008da00000, 0x000000008da00000, 0x000000008db00000|  0%| F|  |TAMS 0x000000008da00000, 0x000000008da00000| Untracked 
| 219|0x000000008db00000, 0x000000008db00000, 0x000000008dc00000|  0%| F|  |TAMS 0x000000008db00000, 0x000000008db00000| Untracked 
| 220|0x000000008dc00000, 0x000000008dc00000, 0x000000008dd00000|  0%| F|  |TAMS 0x000000008dc00000, 0x000000008dc00000| Untracked 
| 221|0x000000008dd00000, 0x000000008dd00000, 0x000000008de00000|  0%| F|  |TAMS 0x000000008dd00000, 0x000000008dd00000| Untracked 
| 222|0x000000008de00000, 0x000000008de00000, 0x000000008df00000|  0%| F|  |TAMS 0x000000008de00000, 0x000000008de00000| Untracked 
| 223|0x000000008df00000, 0x000000008df00000, 0x000000008e000000|  0%| F|  |TAMS 0x000000008df00000, 0x000000008df00000| Untracked 
| 224|0x000000008e000000, 0x000000008e000000, 0x000000008e100000|  0%| F|  |TAMS 0x000000008e000000, 0x000000008e000000| Untracked 
| 225|0x000000008e100000, 0x000000008e100000, 0x000000008e200000|  0%| F|  |TAMS 0x000000008e100000, 0x000000008e100000| Untracked 
| 226|0x000000008e200000, 0x000000008e200000, 0x000000008e300000|  0%| F|  |TAMS 0x000000008e200000, 0x000000008e200000| Untracked 
| 227|0x000000008e300000, 0x000000008e300000, 0x000000008e400000|  0%| F|  |TAMS 0x000000008e300000, 0x000000008e300000| Untracked 
| 228|0x000000008e400000, 0x000000008e400000, 0x000000008e500000|  0%| F|  |TAMS 0x000000008e400000, 0x000000008e400000| Untracked 
| 229|0x000000008e500000, 0x000000008e500000, 0x000000008e600000|  0%| F|  |TAMS 0x000000008e500000, 0x000000008e500000| Untracked 
| 230|0x000000008e600000, 0x000000008e600000, 0x000000008e700000|  0%| F|  |TAMS 0x000000008e600000, 0x000000008e600000| Untracked 
| 231|0x000000008e700000, 0x000000008e700000, 0x000000008e800000|  0%| F|  |TAMS 0x000000008e700000, 0x000000008e700000| Untracked 
| 232|0x000000008e800000, 0x000000008e800000, 0x000000008e900000|  0%| F|  |TAMS 0x000000008e800000, 0x000000008e800000| Untracked 
| 233|0x000000008e900000, 0x000000008e900000, 0x000000008ea00000|  0%| F|  |TAMS 0x000000008e900000, 0x000000008e900000| Untracked 
| 234|0x000000008ea00000, 0x000000008ea00000, 0x000000008eb00000|  0%| F|  |TAMS 0x000000008ea00000, 0x000000008ea00000| Untracked 
| 235|0x000000008eb00000, 0x000000008eb00000, 0x000000008ec00000|  0%| F|  |TAMS 0x000000008eb00000, 0x000000008eb00000| Untracked 
| 236|0x000000008ec00000, 0x000000008ec00000, 0x000000008ed00000|  0%| F|  |TAMS 0x000000008ec00000, 0x000000008ec00000| Untracked 
| 237|0x000000008ed00000, 0x000000008ed00000, 0x000000008ee00000|  0%| F|  |TAMS 0x000000008ed00000, 0x000000008ed00000| Untracked 
| 238|0x000000008ee00000, 0x000000008ee00000, 0x000000008ef00000|  0%| F|  |TAMS 0x000000008ee00000, 0x000000008ee00000| Untracked 
| 239|0x000000008ef00000, 0x000000008ef00000, 0x000000008f000000|  0%| F|  |TAMS 0x000000008ef00000, 0x000000008ef00000| Untracked 
| 240|0x000000008f000000, 0x000000008f000000, 0x000000008f100000|  0%| F|  |TAMS 0x000000008f000000, 0x000000008f000000| Untracked 
| 241|0x000000008f100000, 0x000000008f100000, 0x000000008f200000|  0%| F|  |TAMS 0x000000008f100000, 0x000000008f100000| Untracked 
| 242|0x000000008f200000, 0x000000008f200000, 0x000000008f300000|  0%| F|  |TAMS 0x000000008f200000, 0x000000008f200000| Untracked 
| 243|0x000000008f300000, 0x000000008f300000, 0x000000008f400000|  0%| F|  |TAMS 0x000000008f300000, 0x000000008f300000| Untracked 
| 244|0x000000008f400000, 0x000000008f400000, 0x000000008f500000|  0%| F|  |TAMS 0x000000008f400000, 0x000000008f400000| Untracked 
| 245|0x000000008f500000, 0x000000008f500000, 0x000000008f600000|  0%| F|  |TAMS 0x000000008f500000, 0x000000008f500000| Untracked 
| 246|0x000000008f600000, 0x000000008f600000, 0x000000008f700000|  0%| F|  |TAMS 0x000000008f600000, 0x000000008f600000| Untracked 
| 247|0x000000008f700000, 0x000000008f700000, 0x000000008f800000|  0%| F|  |TAMS 0x000000008f700000, 0x000000008f700000| Untracked 
| 248|0x000000008f800000, 0x000000008f800000, 0x000000008f900000|  0%| F|  |TAMS 0x000000008f800000, 0x000000008f800000| Untracked 
| 249|0x000000008f900000, 0x000000008f900000, 0x000000008fa00000|  0%| F|  |TAMS 0x000000008f900000, 0x000000008f900000| Untracked 
| 250|0x000000008fa00000, 0x000000008fa00000, 0x000000008fb00000|  0%| F|  |TAMS 0x000000008fa00000, 0x000000008fa00000| Untracked 
| 251|0x000000008fb00000, 0x000000008fb00000, 0x000000008fc00000|  0%| F|  |TAMS 0x000000008fb00000, 0x000000008fb00000| Untracked 
| 252|0x000000008fc00000, 0x000000008fc00000, 0x000000008fd00000|  0%| F|  |TAMS 0x000000008fc00000, 0x000000008fc00000| Untracked 
| 253|0x000000008fd00000, 0x000000008fd00000, 0x000000008fe00000|  0%| F|  |TAMS 0x000000008fd00000, 0x000000008fd00000| Untracked 
| 254|0x000000008fe00000, 0x000000008fe00000, 0x000000008ff00000|  0%| F|  |TAMS 0x000000008fe00000, 0x000000008fe00000| Untracked 
| 255|0x000000008ff00000, 0x000000008ff00000, 0x0000000090000000|  0%| F|  |TAMS 0x000000008ff00000, 0x000000008ff00000| Untracked 
| 256|0x0000000090000000, 0x0000000090000000, 0x0000000090100000|  0%| F|  |TAMS 0x0000000090000000, 0x0000000090000000| Untracked 
| 257|0x0000000090100000, 0x0000000090100000, 0x0000000090200000|  0%| F|  |TAMS 0x0000000090100000, 0x0000000090100000| Untracked 
| 258|0x0000000090200000, 0x0000000090200000, 0x0000000090300000|  0%| F|  |TAMS 0x0000000090200000, 0x0000000090200000| Untracked 
| 259|0x0000000090300000, 0x0000000090300000, 0x0000000090400000|  0%| F|  |TAMS 0x0000000090300000, 0x0000000090300000| Untracked 
| 260|0x0000000090400000, 0x0000000090400000, 0x0000000090500000|  0%| F|  |TAMS 0x0000000090400000, 0x0000000090400000| Untracked 
| 261|0x0000000090500000, 0x0000000090500000, 0x0000000090600000|  0%| F|  |TAMS 0x0000000090500000, 0x0000000090500000| Untracked 
| 262|0x0000000090600000, 0x0000000090693ca0, 0x0000000090700000| 57%| S|CS|TAMS 0x0000000090600000, 0x0000000090600000| Complete 
| 263|0x0000000090700000, 0x0000000090800000, 0x0000000090800000|100%| S|CS|TAMS 0x0000000090700000, 0x0000000090700000| Complete 
| 264|0x0000000090800000, 0x0000000090900000, 0x0000000090900000|100%| S|CS|TAMS 0x0000000090800000, 0x0000000090800000| Complete 
| 265|0x0000000090900000, 0x0000000090900000, 0x0000000090a00000|  0%| F|  |TAMS 0x0000000090900000, 0x0000000090900000| Untracked 
| 266|0x0000000090a00000, 0x0000000090a00000, 0x0000000090b00000|  0%| F|  |TAMS 0x0000000090a00000, 0x0000000090a00000| Untracked 
| 267|0x0000000090b00000, 0x0000000090b00000, 0x0000000090c00000|  0%| F|  |TAMS 0x0000000090b00000, 0x0000000090b00000| Untracked 
| 268|0x0000000090c00000, 0x0000000090c00000, 0x0000000090d00000|  0%| F|  |TAMS 0x0000000090c00000, 0x0000000090c00000| Untracked 
| 269|0x0000000090d00000, 0x0000000090d00000, 0x0000000090e00000|  0%| F|  |TAMS 0x0000000090d00000, 0x0000000090d00000| Untracked 
| 270|0x0000000090e00000, 0x0000000090e00000, 0x0000000090f00000|  0%| F|  |TAMS 0x0000000090e00000, 0x0000000090e00000| Untracked 
| 271|0x0000000090f00000, 0x0000000090f00000, 0x0000000091000000|  0%| F|  |TAMS 0x0000000090f00000, 0x0000000090f00000| Untracked 
| 272|0x0000000091000000, 0x0000000091000000, 0x0000000091100000|  0%| F|  |TAMS 0x0000000091000000, 0x0000000091000000| Untracked 
| 273|0x0000000091100000, 0x0000000091100000, 0x0000000091200000|  0%| F|  |TAMS 0x0000000091100000, 0x0000000091100000| Untracked 
| 274|0x0000000091200000, 0x0000000091200000, 0x0000000091300000|  0%| F|  |TAMS 0x0000000091200000, 0x0000000091200000| Untracked 
| 275|0x0000000091300000, 0x0000000091300000, 0x0000000091400000|  0%| F|  |TAMS 0x0000000091300000, 0x0000000091300000| Untracked 
| 276|0x0000000091400000, 0x0000000091400000, 0x0000000091500000|  0%| F|  |TAMS 0x0000000091400000, 0x0000000091400000| Untracked 
| 277|0x0000000091500000, 0x0000000091500000, 0x0000000091600000|  0%| F|  |TAMS 0x0000000091500000, 0x0000000091500000| Untracked 
| 278|0x0000000091600000, 0x0000000091600000, 0x0000000091700000|  0%| F|  |TAMS 0x0000000091600000, 0x0000000091600000| Untracked 
| 279|0x0000000091700000, 0x0000000091700000, 0x0000000091800000|  0%| F|  |TAMS 0x0000000091700000, 0x0000000091700000| Untracked 
| 280|0x0000000091800000, 0x0000000091800000, 0x0000000091900000|  0%| F|  |TAMS 0x0000000091800000, 0x0000000091800000| Untracked 
| 281|0x0000000091900000, 0x0000000091900000, 0x0000000091a00000|  0%| F|  |TAMS 0x0000000091900000, 0x0000000091900000| Untracked 
| 282|0x0000000091a00000, 0x0000000091a00000, 0x0000000091b00000|  0%| F|  |TAMS 0x0000000091a00000, 0x0000000091a00000| Untracked 
| 283|0x0000000091b00000, 0x0000000091b00000, 0x0000000091c00000|  0%| F|  |TAMS 0x0000000091b00000, 0x0000000091b00000| Untracked 
| 284|0x0000000091c00000, 0x0000000091c00000, 0x0000000091d00000|  0%| F|  |TAMS 0x0000000091c00000, 0x0000000091c00000| Untracked 
| 285|0x0000000091d00000, 0x0000000091d00000, 0x0000000091e00000|  0%| F|  |TAMS 0x0000000091d00000, 0x0000000091d00000| Untracked 
| 286|0x0000000091e00000, 0x0000000091e00000, 0x0000000091f00000|  0%| F|  |TAMS 0x0000000091e00000, 0x0000000091e00000| Untracked 
| 287|0x0000000091f00000, 0x0000000091f00000, 0x0000000092000000|  0%| F|  |TAMS 0x0000000091f00000, 0x0000000091f00000| Untracked 
| 288|0x0000000092000000, 0x0000000092000000, 0x0000000092100000|  0%| F|  |TAMS 0x0000000092000000, 0x0000000092000000| Untracked 
| 289|0x0000000092100000, 0x0000000092100000, 0x0000000092200000|  0%| F|  |TAMS 0x0000000092100000, 0x0000000092100000| Untracked 
| 290|0x0000000092200000, 0x0000000092200000, 0x0000000092300000|  0%| F|  |TAMS 0x0000000092200000, 0x0000000092200000| Untracked 
| 291|0x0000000092300000, 0x0000000092300000, 0x0000000092400000|  0%| F|  |TAMS 0x0000000092300000, 0x0000000092300000| Untracked 
| 292|0x0000000092400000, 0x0000000092400000, 0x0000000092500000|  0%| F|  |TAMS 0x0000000092400000, 0x0000000092400000| Untracked 
| 293|0x0000000092500000, 0x0000000092500000, 0x0000000092600000|  0%| F|  |TAMS 0x0000000092500000, 0x0000000092500000| Untracked 
| 294|0x0000000092600000, 0x0000000092600000, 0x0000000092700000|  0%| F|  |TAMS 0x0000000092600000, 0x0000000092600000| Untracked 
| 295|0x0000000092700000, 0x0000000092700000, 0x0000000092800000|  0%| F|  |TAMS 0x0000000092700000, 0x0000000092700000| Untracked 
| 296|0x0000000092800000, 0x0000000092800000, 0x0000000092900000|  0%| F|  |TAMS 0x0000000092800000, 0x0000000092800000| Untracked 
| 297|0x0000000092900000, 0x0000000092900000, 0x0000000092a00000|  0%| F|  |TAMS 0x0000000092900000, 0x0000000092900000| Untracked 
| 298|0x0000000092a00000, 0x0000000092a00000, 0x0000000092b00000|  0%| F|  |TAMS 0x0000000092a00000, 0x0000000092a00000| Untracked 
| 299|0x0000000092b00000, 0x0000000092b00000, 0x0000000092c00000|  0%| F|  |TAMS 0x0000000092b00000, 0x0000000092b00000| Untracked 
| 300|0x0000000092c00000, 0x0000000092c00000, 0x0000000092d00000|  0%| F|  |TAMS 0x0000000092c00000, 0x0000000092c00000| Untracked 
| 301|0x0000000092d00000, 0x0000000092d00000, 0x0000000092e00000|  0%| F|  |TAMS 0x0000000092d00000, 0x0000000092d00000| Untracked 
| 302|0x0000000092e00000, 0x0000000092e00000, 0x0000000092f00000|  0%| F|  |TAMS 0x0000000092e00000, 0x0000000092e00000| Untracked 
| 303|0x0000000092f00000, 0x0000000092f00000, 0x0000000093000000|  0%| F|  |TAMS 0x0000000092f00000, 0x0000000092f00000| Untracked 
| 304|0x0000000093000000, 0x0000000093000000, 0x0000000093100000|  0%| F|  |TAMS 0x0000000093000000, 0x0000000093000000| Untracked 

Card table byte_map: [0x0000028b79df0000,0x0000028b7a1f0000] _byte_map_base: 0x0000028b799f0000

Marking Bits (Prev, Next): (CMBitMap*) 0x0000028b66f1dc50, (CMBitMap*) 0x0000028b66f1dc18
 Prev Bits: [0x0000028b7c5f0000, 0x0000028b7e5f0000)
 Next Bits: [0x0000028b7a5f0000, 0x0000028b7c5f0000)

Polling page: 0x0000028b666c0000

Metaspace:

Usage:
  Non-class:    106.46 MB capacity,   104.54 MB ( 98%) used,     1.54 MB (  1%) free+waste,   390.63 KB ( <1%) overhead. 
      Class:     16.39 MB capacity,    15.26 MB ( 93%) used,   983.23 KB (  6%) free+waste,   173.06 KB (  1%) overhead. 
       Both:    122.85 MB capacity,   119.80 MB ( 98%) used,     2.50 MB (  2%) free+waste,   563.69 KB ( <1%) overhead. 

Virtual space:
  Non-class space:      108.00 MB reserved,     106.92 MB ( 99%) committed 
      Class space:        1.00 GB reserved,      16.70 MB (  2%) committed 
             Both:        1.11 GB reserved,     123.62 MB ( 11%) committed 

Chunk freelists:
   Non-Class:  406.00 KB
       Class:  308.00 KB
        Both:  714.00 KB

MaxMetaspaceSize: 17179869184.00 GB
CompressedClassSpaceSize: 1.00 GB
Initial GC threshold: 20.80 MB
Current GC threshold: 206.03 MB
CDS: off

CodeHeap 'non-profiled nmethods': size=120064Kb used=8538Kb max_used=8538Kb free=111526Kb
 bounds [0x0000028b724b0000, 0x0000028b72d10000, 0x0000028b799f0000]
CodeHeap 'profiled nmethods': size=120000Kb used=39090Kb max_used=39090Kb free=80909Kb
 bounds [0x0000028b6af80000, 0x0000028b6d5b0000, 0x0000028b724b0000]
CodeHeap 'non-nmethods': size=5696Kb used=2453Kb max_used=2501Kb free=3242Kb
 bounds [0x0000028b6a9f0000, 0x0000028b6ac70000, 0x0000028b6af80000]
 total_blobs=18877 nmethods=17898 adapters=890
 compilation: enabled
              stopped_count=0, restarted_count=0
 full_count=0

Compilation events (20 events):
Event: 45.552 Thread 0x0000028b7eb17800 18283       2       com.android.tools.r8.graph.d1::a (158 bytes)
Event: 45.552 Thread 0x0000028b7eb17800 nmethod 18283 0x0000028b6d5a9c90 code [0x0000028b6d5a9e60, 0x0000028b6d5aa118]
Event: 45.552 Thread 0x0000028b7eb17800 18284       2       com.android.tools.r8.code.N::a (1 bytes)
Event: 45.553 Thread 0x0000028b7eb17800 nmethod 18284 0x0000028b6d5aa310 code [0x0000028b6d5aa4c0, 0x0000028b6d5aa5b8]
Event: 45.553 Thread 0x0000028b7eb17800 18285       3       com.android.tools.r8.graph.f1::a (48 bytes)
Event: 45.553 Thread 0x0000028b7eb17800 nmethod 18285 0x0000028b6d5aa690 code [0x0000028b6d5aa880, 0x0000028b6d5aada8]
Event: 45.555 Thread 0x0000028b7eb17800 18287       2       com.android.tools.r8.code.N0::a (1 bytes)
Event: 45.555 Thread 0x0000028b7eb17800 nmethod 18287 0x0000028b6d5aaf90 code [0x0000028b6d5ab140, 0x0000028b6d5ab238]
Event: 45.563 Thread 0x0000028b7eb17800 18289       2       com.android.tools.r8.code.m0::a (1 bytes)
Event: 45.563 Thread 0x0000028b7eb17800 nmethod 18289 0x0000028b6d5ab310 code [0x0000028b6d5ab4c0, 0x0000028b6d5ab5b8]
Event: 45.567 Thread 0x0000028b7eb17800 18291       2       com.android.tools.r8.code.r::a (1 bytes)
Event: 45.567 Thread 0x0000028b7eb17800 nmethod 18291 0x0000028b6d5ab690 code [0x0000028b6d5ab840, 0x0000028b6d5ab938]
Event: 45.567 Thread 0x0000028b7eb17800 18293       2       com.android.tools.r8.code.m::a (1 bytes)
Event: 45.567 Thread 0x0000028b7eb17800 nmethod 18293 0x0000028b6d5aba10 code [0x0000028b6d5abbc0, 0x0000028b6d5abcb8]
Event: 45.568 Thread 0x0000028b7eb17800 18295       2       com.android.tools.r8.code.z::a (1 bytes)
Event: 45.568 Thread 0x0000028b7eb17800 nmethod 18295 0x0000028b6d5abd90 code [0x0000028b6d5abf40, 0x0000028b6d5ac038]
Event: 45.574 Thread 0x0000028b7eb17800 18296       2       com.android.tools.r8.code.d::a (1 bytes)
Event: 45.574 Thread 0x0000028b7eb17800 nmethod 18296 0x0000028b6d5ac110 code [0x0000028b6d5ac2c0, 0x0000028b6d5ac3b8]
Event: 45.585 Thread 0x0000028b7eb17800 18299       3       com.android.tools.r8.graph.j1$a::a (29 bytes)
Event: 45.586 Thread 0x0000028b7eb17800 nmethod 18299 0x0000028b6d5ac490 code [0x0000028b6d5ac660, 0x0000028b6d5ac908]

GC Heap History (20 events):
Event: 42.154 GC heap after
{Heap after GC invocations=55 (full 0):
 garbage-first heap   total 187392K, used 113183K [0x0000000080000000, 0x0000000100000000)
  region size 1024K, 3 young (3072K), 3 survivors (3072K)
 Metaspace       used 120078K, capacity 123255K, committed 123384K, reserved 1157120K
  class space    used 15420K, capacity 16619K, committed 16716K, reserved 1048576K
}
Event: 42.239 GC heap before
{Heap before GC invocations=55 (full 0):
 garbage-first heap   total 187392K, used 118303K [0x0000000080000000, 0x0000000100000000)
  region size 1024K, 9 young (9216K), 3 survivors (3072K)
 Metaspace       used 120598K, capacity 123852K, committed 123896K, reserved 1157120K
  class space    used 15464K, capacity 16685K, committed 16716K, reserved 1048576K
}
Event: 42.247 GC heap after
{Heap after GC invocations=56 (full 0):
 garbage-first heap   total 187392K, used 106035K [0x0000000080000000, 0x0000000100000000)
  region size 1024K, 2 young (2048K), 2 survivors (2048K)
 Metaspace       used 120598K, capacity 123852K, committed 123896K, reserved 1157120K
  class space    used 15464K, capacity 16685K, committed 16716K, reserved 1048576K
}
Event: 43.175 GC heap before
{Heap before GC invocations=56 (full 0):
 garbage-first heap   total 187392K, used 185907K [0x0000000080000000, 0x0000000100000000)
  region size 1024K, 41 young (41984K), 2 survivors (2048K)
 Metaspace       used 122027K, capacity 125392K, committed 125688K, reserved 1159168K
  class space    used 15631K, capacity 16904K, committed 16972K, reserved 1048576K
}
Event: 43.266 GC heap after
{Heap after GC invocations=57 (full 0):
 garbage-first heap   total 193536K, used 128109K [0x0000000080000000, 0x0000000100000000)
  region size 1024K, 6 young (6144K), 6 survivors (6144K)
 Metaspace       used 122027K, capacity 125392K, committed 125688K, reserved 1159168K
  class space    used 15631K, capacity 16904K, committed 16972K, reserved 1048576K
}
Event: 43.429 GC heap before
{Heap before GC invocations=57 (full 0):
 garbage-first heap   total 193536K, used 164973K [0x0000000080000000, 0x0000000100000000)
  region size 1024K, 39 young (39936K), 6 survivors (6144K)
 Metaspace       used 122062K, capacity 125457K, committed 125688K, reserved 1159168K
  class space    used 15631K, capacity 16904K, committed 16972K, reserved 1048576K
}
Event: 43.464 GC heap after
{Heap after GC invocations=58 (full 0):
 garbage-first heap   total 193536K, used 144087K [0x0000000080000000, 0x0000000100000000)
  region size 1024K, 5 young (5120K), 5 survivors (5120K)
 Metaspace       used 122062K, capacity 125457K, committed 125688K, reserved 1159168K
  class space    used 15631K, capacity 16904K, committed 16972K, reserved 1048576K
}
Event: 43.765 GC heap before
{Heap before GC invocations=58 (full 0):
 garbage-first heap   total 193536K, used 160471K [0x0000000080000000, 0x0000000100000000)
  region size 1024K, 22 young (22528K), 5 survivors (5120K)
 Metaspace       used 122882K, capacity 126238K, committed 126328K, reserved 1159168K
  class space    used 15780K, capacity 17037K, committed 17100K, reserved 1048576K
}
Event: 43.788 GC heap after
{Heap after GC invocations=59 (full 0):
 garbage-first heap   total 193536K, used 152972K [0x0000000080000000, 0x0000000100000000)
  region size 1024K, 3 young (3072K), 3 survivors (3072K)
 Metaspace       used 122882K, capacity 126238K, committed 126328K, reserved 1159168K
  class space    used 15780K, capacity 17037K, committed 17100K, reserved 1048576K
}
Event: 44.070 GC heap before
{Heap before GC invocations=59 (full 0):
 garbage-first heap   total 193536K, used 161164K [0x0000000080000000, 0x0000000100000000)
  region size 1024K, 13 young (13312K), 3 survivors (3072K)
 Metaspace       used 122452K, capacity 125590K, committed 126584K, reserved 1159168K
  class space    used 15617K, capacity 16743K, committed 17100K, reserved 1048576K
}
Event: 44.087 GC heap after
{Heap after GC invocations=60 (full 0):
 garbage-first heap   total 193536K, used 157141K [0x0000000080000000, 0x0000000100000000)
  region size 1024K, 2 young (2048K), 2 survivors (2048K)
 Metaspace       used 122452K, capacity 125590K, committed 126584K, reserved 1159168K
  class space    used 15617K, capacity 16743K, committed 17100K, reserved 1048576K
}
Event: 44.221 GC heap before
{Heap before GC invocations=61 (full 0):
 garbage-first heap   total 193536K, used 164309K [0x0000000080000000, 0x0000000100000000)
  region size 1024K, 9 young (9216K), 2 survivors (2048K)
 Metaspace       used 122452K, capacity 125591K, committed 126584K, reserved 1159168K
  class space    used 15617K, capacity 16743K, committed 17100K, reserved 1048576K
}
Event: 44.320 GC heap after
{Heap after GC invocations=62 (full 0):
 garbage-first heap   total 312320K, used 161476K [0x0000000080000000, 0x0000000100000000)
  region size 1024K, 2 young (2048K), 2 survivors (2048K)
 Metaspace       used 122452K, capacity 125591K, committed 126584K, reserved 1159168K
  class space    used 15617K, capacity 16743K, committed 17100K, reserved 1048576K
}
Event: 44.522 GC heap before
{Heap before GC invocations=62 (full 0):
 garbage-first heap   total 312320K, used 174788K [0x0000000080000000, 0x0000000100000000)
  region size 1024K, 15 young (15360K), 2 survivors (2048K)
 Metaspace       used 122458K, capacity 125591K, committed 126584K, reserved 1159168K
  class space    used 15617K, capacity 16743K, committed 17100K, reserved 1048576K
}
Event: 44.536 GC heap after
{Heap after GC invocations=63 (full 0):
 garbage-first heap   total 312320K, used 166108K [0x0000000080000000, 0x0000000100000000)
  region size 1024K, 2 young (2048K), 2 survivors (2048K)
 Metaspace       used 122458K, capacity 125591K, committed 126584K, reserved 1159168K
  class space    used 15617K, capacity 16743K, committed 17100K, reserved 1048576K
}
Event: 44.872 GC heap before
{Heap before GC invocations=63 (full 0):
 garbage-first heap   total 312320K, used 211164K [0x0000000080000000, 0x0000000100000000)
  region size 1024K, 45 young (46080K), 2 survivors (2048K)
 Metaspace       used 122543K, capacity 125643K, committed 126584K, reserved 1159168K
  class space    used 15623K, capacity 16780K, committed 17100K, reserved 1048576K
}
Event: 44.898 GC heap after
{Heap after GC invocations=64 (full 0):
 garbage-first heap   total 312320K, used 191744K [0x0000000080000000, 0x0000000100000000)
  region size 1024K, 6 young (6144K), 6 survivors (6144K)
 Metaspace       used 122543K, capacity 125643K, committed 126584K, reserved 1159168K
  class space    used 15623K, capacity 16780K, committed 17100K, reserved 1048576K
}
Event: 45.191 GC heap before
{Heap before GC invocations=64 (full 0):
 garbage-first heap   total 312320K, used 227584K [0x0000000080000000, 0x0000000100000000)
  region size 1024K, 40 young (40960K), 6 survivors (6144K)
 Metaspace       used 122627K, capacity 125729K, committed 126584K, reserved 1159168K
  class space    used 15623K, capacity 16780K, committed 17100K, reserved 1048576K
}
Event: 45.212 GC heap after
{Heap after GC invocations=65 (full 0):
 garbage-first heap   total 312320K, used 198656K [0x0000000080000000, 0x0000000100000000)
  region size 1024K, 5 young (5120K), 5 survivors (5120K)
 Metaspace       used 122627K, capacity 125729K, committed 126584K, reserved 1159168K
  class space    used 15623K, capacity 16780K, committed 17100K, reserved 1048576K
}
Event: 45.591 GC heap before
{Heap before GC invocations=65 (full 0):
 garbage-first heap   total 312320K, used 238592K [0x0000000080000000, 0x0000000100000000)
  region size 1024K, 40 young (40960K), 5 survivors (5120K)
 Metaspace       used 122674K, capacity 125794K, committed 126584K, reserved 1159168K
  class space    used 15623K, capacity 16780K, committed 17100K, reserved 1048576K
}

Deoptimization events (20 events):
Event: 45.186 Thread 0x0000028b059ad800 DEOPT PACKING pc=0x0000028b6d3a02fe sp=0x000000c895efd670
Event: 45.186 Thread 0x0000028b059ad800 DEOPT UNPACKING pc=0x0000028b6aa3a95e sp=0x000000c895efcae8 mode 0
Event: 45.186 Thread 0x0000028b059ad800 DEOPT PACKING pc=0x0000028b6d3a02fe sp=0x000000c895efd670
Event: 45.186 Thread 0x0000028b059ad800 DEOPT UNPACKING pc=0x0000028b6aa3a95e sp=0x000000c895efcae8 mode 0
Event: 45.186 Thread 0x0000028b059ad800 DEOPT PACKING pc=0x0000028b6d3a02fe sp=0x000000c895efd670
Event: 45.186 Thread 0x0000028b059ad800 DEOPT UNPACKING pc=0x0000028b6aa3a95e sp=0x000000c895efcae8 mode 0
Event: 45.187 Thread 0x0000028b059ad800 DEOPT PACKING pc=0x0000028b6d3a02fe sp=0x000000c895efd670
Event: 45.187 Thread 0x0000028b059ad800 DEOPT UNPACKING pc=0x0000028b6aa3a95e sp=0x000000c895efcae8 mode 0
Event: 45.187 Thread 0x0000028b059ad800 DEOPT PACKING pc=0x0000028b6d3a02fe sp=0x000000c895efd670
Event: 45.187 Thread 0x0000028b059ad800 DEOPT UNPACKING pc=0x0000028b6aa3a95e sp=0x000000c895efcae8 mode 0
Event: 45.298 Thread 0x0000028b059ad800 DEOPT PACKING pc=0x0000028b6d2b78c8 sp=0x000000c895efd3c0
Event: 45.298 Thread 0x0000028b059ad800 DEOPT UNPACKING pc=0x0000028b6aa3a95e sp=0x000000c895efc8d0 mode 0
Event: 45.301 Thread 0x0000028b059ad800 Uncommon trap: trap_request=0xffffffe4 fr.pc=0x0000028b72cc23d4 relative=0x0000000000000214
Event: 45.301 Thread 0x0000028b059ad800 Uncommon trap: reason=range_check action=make_not_entrant pc=0x0000028b72cc23d4 method=com.android.tools.r8.graph.d1.a(Lcom/android/tools/r8/graph/d1;)I @ 9 c2
Event: 45.301 Thread 0x0000028b059ad800 DEOPT PACKING pc=0x0000028b72cc23d4 sp=0x000000c895efd320
Event: 45.301 Thread 0x0000028b059ad800 DEOPT UNPACKING pc=0x0000028b6aa3a1af sp=0x000000c895efd298 mode 2
Event: 45.551 Thread 0x0000028b059ad800 Uncommon trap: trap_request=0xffffff4d fr.pc=0x0000028b72d05d9c relative=0x00000000000002dc
Event: 45.551 Thread 0x0000028b059ad800 Uncommon trap: reason=unstable_if action=reinterpret pc=0x0000028b72d05d9c method=com.android.tools.r8.graph.d1.a(Lcom/android/tools/r8/graph/d1;)I @ 83 c2
Event: 45.551 Thread 0x0000028b059ad800 DEOPT PACKING pc=0x0000028b72d05d9c sp=0x000000c895efd310
Event: 45.551 Thread 0x0000028b059ad800 DEOPT UNPACKING pc=0x0000028b6aa3a1af sp=0x000000c895efd298 mode 2

Classes redefined (0 events):
No events

Internal exceptions (20 events):
Event: 42.638 Thread 0x0000028b059ac800 Exception <a 'sun/nio/fs/WindowsException'{0x000000008a4eb3c8}> (0x000000008a4eb3c8) thrown at [./src/hotspot/share/prims/jni.cpp, line 615]
Event: 42.655 Thread 0x0000028b059ab000 Exception <a 'sun/nio/fs/WindowsException'{0x000000008a4dc140}> (0x000000008a4dc140) thrown at [./src/hotspot/share/prims/jni.cpp, line 615]
Event: 42.658 Thread 0x0000028b059ab000 Exception <a 'sun/nio/fs/WindowsException'{0x000000008a2c3e48}> (0x000000008a2c3e48) thrown at [./src/hotspot/share/prims/jni.cpp, line 615]
Event: 42.663 Thread 0x0000028b059ab000 Exception <a 'sun/nio/fs/WindowsException'{0x000000008a2cc710}> (0x000000008a2cc710) thrown at [./src/hotspot/share/prims/jni.cpp, line 615]
Event: 42.664 Thread 0x0000028b059ac800 Exception <a 'sun/nio/fs/WindowsException'{0x000000008a4f51d8}> (0x000000008a4f51d8) thrown at [./src/hotspot/share/prims/jni.cpp, line 615]
Event: 42.666 Thread 0x0000028b059ab000 Exception <a 'sun/nio/fs/WindowsException'{0x000000008a2d4b80}> (0x000000008a2d4b80) thrown at [./src/hotspot/share/prims/jni.cpp, line 615]
Event: 42.667 Thread 0x0000028b059ac800 Exception <a 'sun/nio/fs/WindowsException'{0x000000008a1c2e88}> (0x000000008a1c2e88) thrown at [./src/hotspot/share/prims/jni.cpp, line 615]
Event: 42.669 Thread 0x0000028b059ab000 Exception <a 'sun/nio/fs/WindowsException'{0x000000008a2dd7d8}> (0x000000008a2dd7d8) thrown at [./src/hotspot/share/prims/jni.cpp, line 615]
Event: 42.669 Thread 0x0000028b059ac800 Exception <a 'sun/nio/fs/WindowsException'{0x000000008a1c9bf0}> (0x000000008a1c9bf0) thrown at [./src/hotspot/share/prims/jni.cpp, line 615]
Event: 42.671 Thread 0x0000028b059ac800 Exception <a 'sun/nio/fs/WindowsException'{0x000000008a1d2f18}> (0x000000008a1d2f18) thrown at [./src/hotspot/share/prims/jni.cpp, line 615]
Event: 42.671 Thread 0x0000028b059ab000 Exception <a 'sun/nio/fs/WindowsException'{0x0000000089f855d8}> (0x0000000089f855d8) thrown at [./src/hotspot/share/prims/jni.cpp, line 615]
Event: 42.675 Thread 0x0000028b059ac800 Exception <a 'sun/nio/fs/WindowsException'{0x000000008a0c3878}> (0x000000008a0c3878) thrown at [./src/hotspot/share/prims/jni.cpp, line 615]
Event: 42.676 Thread 0x0000028b059ab000 Exception <a 'sun/nio/fs/WindowsException'{0x0000000089f8dc28}> (0x0000000089f8dc28) thrown at [./src/hotspot/share/prims/jni.cpp, line 615]
Event: 42.685 Thread 0x0000028b059ab000 Exception <a 'sun/nio/fs/WindowsException'{0x0000000089f96580}> (0x0000000089f96580) thrown at [./src/hotspot/share/prims/jni.cpp, line 615]
Event: 42.686 Thread 0x0000028b059ac800 Exception <a 'sun/nio/fs/WindowsException'{0x000000008a0cd198}> (0x000000008a0cd198) thrown at [./src/hotspot/share/prims/jni.cpp, line 615]
Event: 42.687 Thread 0x0000028b059ab000 Exception <a 'sun/nio/fs/WindowsException'{0x0000000089ec3390}> (0x0000000089ec3390) thrown at [./src/hotspot/share/prims/jni.cpp, line 615]
Event: 42.688 Thread 0x0000028b059ac800 Exception <a 'sun/nio/fs/WindowsException'{0x000000008a0d5798}> (0x000000008a0d5798) thrown at [./src/hotspot/share/prims/jni.cpp, line 615]
Event: 42.689 Thread 0x0000028b059ab000 Exception <a 'sun/nio/fs/WindowsException'{0x0000000089ecb468}> (0x0000000089ecb468) thrown at [./src/hotspot/share/prims/jni.cpp, line 615]
Event: 43.006 Thread 0x0000028b059ad800 Exception <a 'sun/nio/fs/WindowsException'{0x000000008976b258}> (0x000000008976b258) thrown at [./src/hotspot/share/prims/jni.cpp, line 615]
Event: 43.421 Thread 0x0000028b059ad800 Implicit null exception at 0x0000028b72cd6d9c to 0x0000028b72cd78e8

Events (20 events):
Event: 44.952 Executing VM operation: RevokeBias done
Event: 44.953 Executing VM operation: RevokeBias
Event: 44.953 Executing VM operation: RevokeBias done
Event: 44.954 Executing VM operation: RevokeBias
Event: 44.954 Executing coalesced safepoint VM operation: RevokeBias
Event: 44.954 Executing coalesced safepoint VM operation: RevokeBias done
Event: 44.954 Executing coalesced safepoint VM operation: RevokeBias
Event: 44.954 Executing coalesced safepoint VM operation: RevokeBias done
Event: 44.954 Executing VM operation: RevokeBias done
Event: 44.954 Executing VM operation: BulkRevokeBias
Event: 44.956 Executing coalesced safepoint VM operation: RevokeBias
Event: 44.956 Executing coalesced safepoint VM operation: RevokeBias done
Event: 44.956 Executing coalesced safepoint VM operation: RevokeBias
Event: 44.956 Executing coalesced safepoint VM operation: RevokeBias done
Event: 44.956 Executing VM operation: BulkRevokeBias done
Event: 45.033 Executing VM operation: RevokeBias
Event: 45.033 Executing VM operation: RevokeBias done
Event: 45.191 Executing VM operation: G1CollectForAllocation
Event: 45.212 Executing VM operation: G1CollectForAllocation done
Event: 45.590 Executing VM operation: G1CollectForAllocation


Dynamic libraries:
0x00007ff60b870000 - 0x00007ff60b87a000 	C:\Program Files\Android\Android Studio\jre\bin\java.exe
0x00007ffef9590000 - 0x00007ffef9787000 	C:\WINDOWS\SYSTEM32\ntdll.dll
0x00007ffef85a0000 - 0x00007ffef865d000 	C:\WINDOWS\System32\KERNEL32.DLL
0x00007ffef6e60000 - 0x00007ffef712d000 	C:\WINDOWS\System32\KERNELBASE.dll
0x00007ffef6d60000 - 0x00007ffef6e60000 	C:\WINDOWS\System32\ucrtbase.dll
0x00007ffedc460000 - 0x00007ffedc477000 	C:\Program Files\Android\Android Studio\jre\bin\VCRUNTIME140.dll
0x00007ffedac90000 - 0x00007ffedaca9000 	C:\Program Files\Android\Android Studio\jre\bin\jli.dll
0x00007ffef8320000 - 0x00007ffef84c0000 	C:\WINDOWS\System32\USER32.dll
0x00007ffee12b0000 - 0x00007ffee154a000 	C:\WINDOWS\WinSxS\amd64_microsoft.windows.common-controls_6595b64144ccf1df_6.0.19041.1110_none_60b5254171f9507e\COMCTL32.dll
0x00007ffef76b0000 - 0x00007ffef774e000 	C:\WINDOWS\System32\msvcrt.dll
0x00007ffef93c0000 - 0x00007ffef93ea000 	C:\WINDOWS\System32\GDI32.dll
0x00007ffef6ce0000 - 0x00007ffef6d02000 	C:\WINDOWS\System32\win32u.dll
0x00007ffef7130000 - 0x00007ffef723b000 	C:\WINDOWS\System32\gdi32full.dll
0x00007ffef7410000 - 0x00007ffef74ad000 	C:\WINDOWS\System32\msvcp_win.dll
0x00007ffef82f0000 - 0x00007ffef8320000 	C:\WINDOWS\System32\IMM32.DLL
0x00007ffeb1ab0000 - 0x00007ffeb1b4d000 	C:\Program Files\Android\Android Studio\jre\bin\msvcp140.dll
0x00007ffe77ba0000 - 0x00007ffe78685000 	C:\Program Files\Android\Android Studio\jre\bin\server\jvm.dll
0x00007ffef8230000 - 0x00007ffef82de000 	C:\WINDOWS\System32\ADVAPI32.dll
0x00007ffef7610000 - 0x00007ffef76ac000 	C:\WINDOWS\System32\sechost.dll
0x00007ffef8780000 - 0x00007ffef88a5000 	C:\WINDOWS\System32\RPCRT4.dll
0x00007ffef7750000 - 0x00007ffef7758000 	C:\WINDOWS\System32\PSAPI.DLL
0x00007ffee03e0000 - 0x00007ffee03e9000 	C:\WINDOWS\SYSTEM32\WSOCK32.dll
0x00007ffee25b0000 - 0x00007ffee25d7000 	C:\WINDOWS\SYSTEM32\WINMM.dll
0x00007ffef7760000 - 0x00007ffef77cb000 	C:\WINDOWS\System32\WS2_32.dll
0x00007ffeef310000 - 0x00007ffeef31a000 	C:\WINDOWS\SYSTEM32\VERSION.dll
0x00007ffef5510000 - 0x00007ffef5522000 	C:\WINDOWS\SYSTEM32\kernel.appcore.dll
0x00007ffecd800000 - 0x00007ffecd811000 	C:\Program Files\Android\Android Studio\jre\bin\verify.dll
0x00007ffef51f0000 - 0x00007ffef53d4000 	C:\WINDOWS\SYSTEM32\DBGHELP.DLL
0x00007ffedcac0000 - 0x00007ffedcaec000 	C:\WINDOWS\SYSTEM32\dbgcore.DLL
0x00007ffef7560000 - 0x00007ffef75e2000 	C:\WINDOWS\System32\bcryptPrimitives.dll
0x00007ffebca40000 - 0x00007ffebca69000 	C:\Program Files\Android\Android Studio\jre\bin\java.dll
0x00007ffecf8b0000 - 0x00007ffecf8bb000 	C:\Program Files\Android\Android Studio\jre\bin\jimage.dll
0x00007ffec9410000 - 0x00007ffec9428000 	C:\Program Files\Android\Android Studio\jre\bin\zip.dll
0x00007ffef8c70000 - 0x00007ffef93b4000 	C:\WINDOWS\System32\SHELL32.dll
0x00007ffef4980000 - 0x00007ffef5114000 	C:\WINDOWS\SYSTEM32\windows.storage.dll
0x00007ffef8910000 - 0x00007ffef8c64000 	C:\WINDOWS\System32\combase.dll
0x00007ffef6630000 - 0x00007ffef665c000 	C:\WINDOWS\SYSTEM32\Wldp.dll
0x00007ffef77d0000 - 0x00007ffef787d000 	C:\WINDOWS\System32\SHCORE.dll
0x00007ffef8540000 - 0x00007ffef8595000 	C:\WINDOWS\System32\shlwapi.dll
0x00007ffef6bf0000 - 0x00007ffef6c0f000 	C:\WINDOWS\SYSTEM32\profapi.dll
0x00007ffec9280000 - 0x00007ffec929a000 	C:\Program Files\Android\Android Studio\jre\bin\net.dll
0x00007ffee5430000 - 0x00007ffee553a000 	C:\WINDOWS\SYSTEM32\WINHTTP.dll
0x00007ffef6410000 - 0x00007ffef647a000 	C:\WINDOWS\system32\mswsock.dll
0x00007ffec4e10000 - 0x00007ffec4e24000 	C:\Program Files\Android\Android Studio\jre\bin\nio.dll
0x00007ffeb6830000 - 0x00007ffeb6857000 	C:\Users\Tushar\.gradle\native\e1d6ef7f7dcc3fd88c89a11ec53ec762bb8ba0a96d01ffa2cd45eb1d1d8dd5c5\windows-amd64\native-platform.dll
0x00007ffeef840000 - 0x00007ffeef984000 	C:\Users\Tushar\.gradle\native\5664cfc778a61ccfe75a443a1ab52a65af34e5dc3c78e0209fed803814484fcb\windows-amd64\native-platform-file-events.dll
0x00007ffece440000 - 0x00007ffece44a000 	C:\Program Files\Android\Android Studio\jre\bin\management.dll
0x00007ffece400000 - 0x00007ffece40d000 	C:\Program Files\Android\Android Studio\jre\bin\management_ext.dll
0x00007ffef6670000 - 0x00007ffef6688000 	C:\WINDOWS\SYSTEM32\CRYPTSP.dll
0x00007ffef5d40000 - 0x00007ffef5d74000 	C:\WINDOWS\system32\rsaenh.dll
0x00007ffef6cb0000 - 0x00007ffef6cd7000 	C:\WINDOWS\System32\bcrypt.dll
0x00007ffef6bb0000 - 0x00007ffef6bde000 	C:\WINDOWS\SYSTEM32\USERENV.dll
0x00007ffef65a0000 - 0x00007ffef65ac000 	C:\WINDOWS\SYSTEM32\CRYPTBASE.dll
0x00007ffef60d0000 - 0x00007ffef610b000 	C:\WINDOWS\SYSTEM32\IPHLPAPI.DLL
0x00007ffef86c0000 - 0x00007ffef86c8000 	C:\WINDOWS\System32\NSI.dll
0x00007ffeef320000 - 0x00007ffeef337000 	C:\WINDOWS\SYSTEM32\dhcpcsvc6.DLL
0x00007ffeef2f0000 - 0x00007ffeef30d000 	C:\WINDOWS\SYSTEM32\dhcpcsvc.DLL
0x00007ffef6110000 - 0x00007ffef61db000 	C:\WINDOWS\SYSTEM32\DNSAPI.dll

dbghelp: loaded successfully - version: 4.0.5 - missing functions: none
symbol engine: initialized successfully - sym options: 0x614 - pdb path: .;C:\Program Files\Android\Android Studio\jre\bin;C:\WINDOWS\SYSTEM32;C:\WINDOWS\WinSxS\amd64_microsoft.windows.common-controls_6595b64144ccf1df_6.0.19041.1110_none_60b5254171f9507e;C:\Program Files\Android\Android Studio\jre\bin\server;C:\Users\Tushar\.gradle\native\e1d6ef7f7dcc3fd88c89a11ec53ec762bb8ba0a96d01ffa2cd45eb1d1d8dd5c5\windows-amd64;C:\Users\Tushar\.gradle\native\5664cfc778a61ccfe75a443a1ab52a65af34e5dc3c78e0209fed803814484fcb\windows-amd64

VM Arguments:
jvm_args: --add-opens=java.base/java.util=ALL-UNNAMED --add-opens=java.base/java.lang=ALL-UNNAMED --add-opens=java.base/java.lang.invoke=ALL-UNNAMED --add-opens=java.base/java.util=ALL-UNNAMED --add-opens=java.prefs/java.util.prefs=ALL-UNNAMED --add-opens=java.prefs/java.util.prefs=ALL-UNNAMED --add-opens=java.base/java.nio.charset=ALL-UNNAMED --add-opens=java.base/java.net=ALL-UNNAMED --add-opens=java.base/java.util.concurrent.atomic=ALL-UNNAMED -Xmx2048m -Dfile.encoding=UTF-8 -Duser.country=US -Duser.language=en -Duser.variant 
java_command: org.gradle.launcher.daemon.bootstrap.GradleDaemon 7.3.3
java_class_path (initial): C:\Users\Tushar\.gradle\wrapper\dists\gradle-7.3.3-bin\6a41zxkdtcxs8rphpq6y0069z\gradle-7.3.3\lib\gradle-launcher-7.3.3.jar
Launcher Type: SUN_STANDARD

[Global flags]
     intx CICompilerCount                          = 3                                         {product} {ergonomic}
     uint ConcGCThreads                            = 1                                         {product} {ergonomic}
     uint G1ConcRefinementThreads                  = 4                                         {product} {ergonomic}
   size_t G1HeapRegionSize                         = 1048576                                   {product} {ergonomic}
    uintx GCDrainStackTargetSize                   = 64                                        {product} {ergonomic}
   size_t InitialHeapSize                          = 132120576                                 {product} {ergonomic}
   size_t MarkStackSize                            = 4194304                                   {product} {ergonomic}
   size_t MaxHeapSize                              = 2147483648                                {product} {command line}
   size_t MaxNewSize                               = 1287651328                                {product} {ergonomic}
   size_t MinHeapDeltaBytes                        = 1048576                                   {product} {ergonomic}
    uintx NonNMethodCodeHeapSize                   = 5830732                                {pd product} {ergonomic}
    uintx NonProfiledCodeHeapSize                  = 122913754                              {pd product} {ergonomic}
    uintx ProfiledCodeHeapSize                     = 122913754                              {pd product} {ergonomic}
    uintx ReservedCodeCacheSize                    = 251658240                              {pd product} {ergonomic}
     bool SegmentedCodeCache                       = true                                      {product} {ergonomic}
     bool UseCompressedClassPointers               = true                                 {lp64_product} {ergonomic}
     bool UseCompressedOops                        = true                                 {lp64_product} {ergonomic}
     bool UseG1GC                                  = true                                      {product} {ergonomic}
     bool UseLargePagesIndividualAllocation        = false                                  {pd product} {ergonomic}

Logging:
Log output configuration:
 #0: stdout all=warning uptime,level,tags
 #1: stderr all=off uptime,level,tags

Environment Variables:
JAVA_HOME=C:\Program Files\AdoptOpenJDK\jdk-11.0.11.9-hotspot\
PATH=C:\Program Files\nodejs\;C:\Program Files\NVIDIA Corporation\NVIDIA NvDLISR;C:\Program Files (x86)\NVIDIA Corporation\PhysX\Common;C:\Program Files\MySQL\MySQL Shell 8.0\bin\;C:\Users\Tushar\AppData\Local\Programs\MiKTeX\miktex\bin\x64\;C:\Users\Tushar\AppData\Local\Programs\Microsoft VS Code\bin;C:\Users\Tushar\AppData\Roaming\npm;C:\Windows\System32\;C:\MinGW\bin;C:\Program Files\CodeBlocks\MinGW;
USERNAME=Tushar
OS=Windows_NT
PROCESSOR_IDENTIFIER=Intel64 Family 6 Model 158 Stepping 9, GenuineIntel



---------------  S Y S T E M  ---------------

OS: Windows 10 , 64 bit Build 19041 (10.0.19041.1741)
OS uptime: 1 days 17:33 hours
Hyper-V role detected

CPU:total 4 (initial active 4) (4 cores per cpu, 1 threads per core) family 6 model 158 stepping 9 microcode 0xb4, cmov, cx8, fxsr, mmx, sse, sse2, sse3, ssse3, sse4.1, sse4.2, popcnt, avx, avx2, aes, clmul, erms, 3dnowpref, lzcnt, tsc, tscinvbit, bmi1, bmi2, adx, fma

Memory: 4k page, system-wide physical 8057M (272M free)
TotalPageFile size 21779M (AvailPageFile size 0M)
current process WorkingSet (physical memory assigned to process): 547M, peak: 547M
current process commit charge ("private bytes"): 960M, peak: 961M

vm_info: OpenJDK 64-Bit Server VM (11.0.12+7-b1504.28-7817840) for windows-amd64 JRE (11.0.12+7-b1504.28-7817840), built on Oct 13 2021 22:12:33 by "builder" with MS VC++ 14.0 (VS2015)

END.
